{"C:\\GIT_CJL\\convivium2\\frontend\\src\\api\\index.ts": {"path":"C:\\GIT_CJL\\convivium2\\frontend\\src\\api\\index.ts","all":true,"statementMap":{"0":{"start":{"line":1,"column":0},"end":{"line":1,"column":45}}},"s":{"0":0},"branchMap":{"0":{"type":"branch","line":1,"loc":{"start":{"line":1,"column":430},"end":{"line":8,"column":47}},"locations":[{"start":{"line":1,"column":430},"end":{"line":8,"column":47}}]}},"b":{"0":[0]},"fnMap":{"0":{"name":"(empty-report)","decl":{"start":{"line":1,"column":430},"end":{"line":8,"column":47}},"loc":{"start":{"line":1,"column":430},"end":{"line":8,"column":47}},"line":1}},"f":{"0":0}}
,"C:\\GIT_CJL\\convivium2\\frontend\\src\\api\\modules\\auth.api.ts": {"path":"C:\\GIT_CJL\\convivium2\\frontend\\src\\api\\modules\\auth.api.ts","all":false,"statementMap":{"0":{"start":{"line":1,"column":0},"end":{"line":1,"column":36}},"10":{"start":{"line":11,"column":0},"end":{"line":11,"column":86}},"11":{"start":{"line":12,"column":0},"end":{"line":12,"column":88}},"12":{"start":{"line":13,"column":0},"end":{"line":13,"column":22}},"13":{"start":{"line":14,"column":0},"end":{"line":14,"column":1}},"15":{"start":{"line":16,"column":0},"end":{"line":16,"column":83}},"16":{"start":{"line":17,"column":0},"end":{"line":17,"column":82}},"17":{"start":{"line":18,"column":0},"end":{"line":18,"column":22}},"18":{"start":{"line":19,"column":0},"end":{"line":19,"column":1}},"20":{"start":{"line":21,"column":0},"end":{"line":21,"column":95}},"21":{"start":{"line":22,"column":0},"end":{"line":22,"column":86}},"22":{"start":{"line":23,"column":0},"end":{"line":23,"column":17}},"23":{"start":{"line":24,"column":0},"end":{"line":24,"column":4}},"24":{"start":{"line":25,"column":0},"end":{"line":25,"column":22}},"25":{"start":{"line":26,"column":0},"end":{"line":26,"column":1}},"27":{"start":{"line":28,"column":0},"end":{"line":28,"column":81}},"28":{"start":{"line":29,"column":0},"end":{"line":29,"column":94}},"29":{"start":{"line":30,"column":0},"end":{"line":30,"column":22}},"30":{"start":{"line":31,"column":0},"end":{"line":31,"column":1}},"32":{"start":{"line":33,"column":0},"end":{"line":33,"column":93}},"33":{"start":{"line":34,"column":0},"end":{"line":34,"column":88}},"34":{"start":{"line":35,"column":0},"end":{"line":35,"column":22}},"35":{"start":{"line":36,"column":0},"end":{"line":36,"column":1}},"37":{"start":{"line":38,"column":0},"end":{"line":38,"column":63}},"38":{"start":{"line":39,"column":0},"end":{"line":39,"column":73}},"39":{"start":{"line":40,"column":0},"end":{"line":40,"column":22}},"40":{"start":{"line":41,"column":0},"end":{"line":41,"column":1}},"47":{"start":{"line":48,"column":0},"end":{"line":48,"column":38}},"48":{"start":{"line":49,"column":0},"end":{"line":49,"column":31}},"49":{"start":{"line":50,"column":0},"end":{"line":50,"column":35}},"50":{"start":{"line":51,"column":0},"end":{"line":51,"column":81}},"51":{"start":{"line":52,"column":0},"end":{"line":52,"column":22}},"52":{"start":{"line":53,"column":0},"end":{"line":53,"column":1}},"65":{"start":{"line":66,"column":0},"end":{"line":66,"column":100}},"66":{"start":{"line":67,"column":0},"end":{"line":67,"column":94}},"67":{"start":{"line":68,"column":0},"end":{"line":68,"column":22}},"68":{"start":{"line":69,"column":0},"end":{"line":69,"column":1}},"70":{"start":{"line":71,"column":0},"end":{"line":71,"column":107}},"71":{"start":{"line":72,"column":0},"end":{"line":72,"column":66}},"72":{"start":{"line":73,"column":0},"end":{"line":73,"column":48}},"73":{"start":{"line":74,"column":0},"end":{"line":74,"column":3}},"74":{"start":{"line":75,"column":0},"end":{"line":75,"column":22}},"75":{"start":{"line":76,"column":0},"end":{"line":76,"column":1}},"88":{"start":{"line":89,"column":0},"end":{"line":89,"column":94}},"89":{"start":{"line":90,"column":0},"end":{"line":90,"column":90}},"90":{"start":{"line":91,"column":0},"end":{"line":91,"column":12}},"91":{"start":{"line":92,"column":0},"end":{"line":92,"column":4}},"92":{"start":{"line":93,"column":0},"end":{"line":93,"column":22}},"93":{"start":{"line":94,"column":0},"end":{"line":94,"column":1}},"107":{"start":{"line":108,"column":0},"end":{"line":108,"column":73}},"109":{"start":{"line":110,"column":0},"end":{"line":110,"column":3}},"110":{"start":{"line":111,"column":0},"end":{"line":111,"column":88}},"111":{"start":{"line":112,"column":0},"end":{"line":112,"column":39}},"112":{"start":{"line":113,"column":0},"end":{"line":113,"column":16}},"113":{"start":{"line":114,"column":0},"end":{"line":114,"column":3}},"114":{"start":{"line":115,"column":0},"end":{"line":115,"column":22}},"115":{"start":{"line":116,"column":0},"end":{"line":116,"column":1}},"117":{"start":{"line":118,"column":0},"end":{"line":118,"column":44}},"122":{"start":{"line":123,"column":0},"end":{"line":123,"column":50}},"123":{"start":{"line":124,"column":0},"end":{"line":124,"column":77}},"124":{"start":{"line":125,"column":0},"end":{"line":125,"column":28}},"125":{"start":{"line":126,"column":0},"end":{"line":126,"column":9}},"126":{"start":{"line":127,"column":0},"end":{"line":127,"column":3}},"127":{"start":{"line":128,"column":0},"end":{"line":128,"column":22}},"128":{"start":{"line":129,"column":0},"end":{"line":129,"column":1}}},"s":{"0":1,"10":1,"11":1,"12":1,"13":1,"15":1,"16":1,"17":1,"18":1,"20":1,"21":1,"22":1,"23":1,"24":1,"25":1,"27":1,"28":1,"29":1,"30":1,"32":1,"33":1,"34":1,"35":1,"37":1,"38":1,"39":1,"40":1,"47":1,"48":1,"49":1,"50":1,"51":1,"52":1,"65":1,"66":1,"67":1,"68":1,"70":1,"71":1,"72":1,"73":1,"74":1,"75":1,"88":1,"89":1,"90":1,"91":1,"92":1,"93":1,"107":0,"109":0,"110":0,"111":0,"112":0,"113":0,"114":0,"115":0,"117":1,"122":1,"123":1,"124":1,"125":1,"126":1,"127":1,"128":1},"branchMap":{"0":{"type":"branch","line":11,"loc":{"start":{"line":11,"column":0},"end":{"line":14,"column":1}},"locations":[{"start":{"line":11,"column":0},"end":{"line":14,"column":1}}]},"1":{"type":"branch","line":16,"loc":{"start":{"line":16,"column":0},"end":{"line":19,"column":1}},"locations":[{"start":{"line":16,"column":0},"end":{"line":19,"column":1}}]},"2":{"type":"branch","line":21,"loc":{"start":{"line":21,"column":0},"end":{"line":26,"column":1}},"locations":[{"start":{"line":21,"column":0},"end":{"line":26,"column":1}}]},"3":{"type":"branch","line":28,"loc":{"start":{"line":28,"column":0},"end":{"line":31,"column":1}},"locations":[{"start":{"line":28,"column":0},"end":{"line":31,"column":1}}]},"4":{"type":"branch","line":33,"loc":{"start":{"line":33,"column":0},"end":{"line":36,"column":1}},"locations":[{"start":{"line":33,"column":0},"end":{"line":36,"column":1}}]},"5":{"type":"branch","line":38,"loc":{"start":{"line":38,"column":0},"end":{"line":41,"column":1}},"locations":[{"start":{"line":38,"column":0},"end":{"line":41,"column":1}}]},"6":{"type":"branch","line":48,"loc":{"start":{"line":48,"column":0},"end":{"line":53,"column":1}},"locations":[{"start":{"line":48,"column":0},"end":{"line":53,"column":1}}]},"7":{"type":"branch","line":66,"loc":{"start":{"line":66,"column":0},"end":{"line":69,"column":1}},"locations":[{"start":{"line":66,"column":0},"end":{"line":69,"column":1}}]},"8":{"type":"branch","line":71,"loc":{"start":{"line":71,"column":0},"end":{"line":76,"column":1}},"locations":[{"start":{"line":71,"column":0},"end":{"line":76,"column":1}}]},"9":{"type":"branch","line":89,"loc":{"start":{"line":89,"column":0},"end":{"line":94,"column":1}},"locations":[{"start":{"line":89,"column":0},"end":{"line":94,"column":1}}]},"10":{"type":"branch","line":118,"loc":{"start":{"line":118,"column":0},"end":{"line":129,"column":1}},"locations":[{"start":{"line":118,"column":0},"end":{"line":129,"column":1}}]}},"b":{"0":[1],"1":[1],"2":[1],"3":[1],"4":[1],"5":[1],"6":[1],"7":[1],"8":[1],"9":[1],"10":[1]},"fnMap":{"0":{"name":"login","decl":{"start":{"line":11,"column":0},"end":{"line":14,"column":1}},"loc":{"start":{"line":11,"column":0},"end":{"line":14,"column":1}},"line":11},"1":{"name":"register","decl":{"start":{"line":16,"column":0},"end":{"line":19,"column":1}},"loc":{"start":{"line":16,"column":0},"end":{"line":19,"column":1}},"line":16},"2":{"name":"refreshToken","decl":{"start":{"line":21,"column":0},"end":{"line":26,"column":1}},"loc":{"start":{"line":21,"column":0},"end":{"line":26,"column":1}},"line":21},"3":{"name":"forgotPassword","decl":{"start":{"line":28,"column":0},"end":{"line":31,"column":1}},"loc":{"start":{"line":28,"column":0},"end":{"line":31,"column":1}},"line":28},"4":{"name":"resetPassword","decl":{"start":{"line":33,"column":0},"end":{"line":36,"column":1}},"loc":{"start":{"line":33,"column":0},"end":{"line":36,"column":1}},"line":33},"5":{"name":"getMe","decl":{"start":{"line":38,"column":0},"end":{"line":41,"column":1}},"loc":{"start":{"line":38,"column":0},"end":{"line":41,"column":1}},"line":38},"6":{"name":"updateMyProfile","decl":{"start":{"line":48,"column":0},"end":{"line":53,"column":1}},"loc":{"start":{"line":48,"column":0},"end":{"line":53,"column":1}},"line":48},"7":{"name":"listCondominiumsForRegistration","decl":{"start":{"line":66,"column":0},"end":{"line":69,"column":1}},"loc":{"start":{"line":66,"column":0},"end":{"line":69,"column":1}},"line":66},"8":{"name":"listUnitsForRegistration","decl":{"start":{"line":71,"column":0},"end":{"line":76,"column":1}},"loc":{"start":{"line":71,"column":0},"end":{"line":76,"column":1}},"line":71},"9":{"name":"googleLogin","decl":{"start":{"line":89,"column":0},"end":{"line":94,"column":1}},"loc":{"start":{"line":89,"column":0},"end":{"line":94,"column":1}},"line":89},"10":{"name":"checkPendingRegistration","decl":{"start":{"line":108,"column":0},"end":{"line":116,"column":1}},"loc":{"start":{"line":108,"column":0},"end":{"line":116,"column":1}},"line":108},"11":{"name":"registerGoogle","decl":{"start":{"line":118,"column":0},"end":{"line":129,"column":1}},"loc":{"start":{"line":118,"column":0},"end":{"line":129,"column":1}},"line":118}},"f":{"0":1,"1":1,"2":1,"3":1,"4":1,"5":1,"6":1,"7":1,"8":1,"9":1,"10":0,"11":1}}
,"C:\\GIT_CJL\\convivium2\\frontend\\src\\api\\modules\\complaint.api.ts": {"path":"C:\\GIT_CJL\\convivium2\\frontend\\src\\api\\modules\\complaint.api.ts","all":false,"statementMap":{"0":{"start":{"line":1,"column":0},"end":{"line":1,"column":36}},"11":{"start":{"line":12,"column":0},"end":{"line":12,"column":37}},"12":{"start":{"line":13,"column":0},"end":{"line":13,"column":18}},"13":{"start":{"line":14,"column":0},"end":{"line":14,"column":45}},"14":{"start":{"line":15,"column":0},"end":{"line":15,"column":50}},"15":{"start":{"line":16,"column":0},"end":{"line":16,"column":77}},"16":{"start":{"line":17,"column":0},"end":{"line":17,"column":36}},"17":{"start":{"line":18,"column":0},"end":{"line":18,"column":15}},"18":{"start":{"line":19,"column":0},"end":{"line":19,"column":3}},"19":{"start":{"line":20,"column":0},"end":{"line":20,"column":22}},"20":{"start":{"line":21,"column":0},"end":{"line":21,"column":1}},"22":{"start":{"line":23,"column":0},"end":{"line":23,"column":38}},"23":{"start":{"line":24,"column":0},"end":{"line":24,"column":18}},"24":{"start":{"line":25,"column":0},"end":{"line":25,"column":31}},"25":{"start":{"line":26,"column":0},"end":{"line":26,"column":36}},"26":{"start":{"line":27,"column":0},"end":{"line":27,"column":64}},"27":{"start":{"line":28,"column":0},"end":{"line":28,"column":36}},"28":{"start":{"line":29,"column":0},"end":{"line":29,"column":9}},"29":{"start":{"line":30,"column":0},"end":{"line":30,"column":3}},"30":{"start":{"line":31,"column":0},"end":{"line":31,"column":22}},"31":{"start":{"line":32,"column":0},"end":{"line":32,"column":1}},"33":{"start":{"line":34,"column":0},"end":{"line":34,"column":35}},"34":{"start":{"line":35,"column":0},"end":{"line":35,"column":18}},"35":{"start":{"line":36,"column":0},"end":{"line":36,"column":13}},"36":{"start":{"line":37,"column":0},"end":{"line":37,"column":42}},"37":{"start":{"line":38,"column":0},"end":{"line":38,"column":69}},"38":{"start":{"line":39,"column":0},"end":{"line":39,"column":42}},"39":{"start":{"line":40,"column":0},"end":{"line":40,"column":3}},"40":{"start":{"line":41,"column":0},"end":{"line":41,"column":22}},"41":{"start":{"line":42,"column":0},"end":{"line":42,"column":1}},"43":{"start":{"line":44,"column":0},"end":{"line":44,"column":34}},"44":{"start":{"line":45,"column":0},"end":{"line":45,"column":18}},"45":{"start":{"line":46,"column":0},"end":{"line":46,"column":22}},"46":{"start":{"line":47,"column":0},"end":{"line":47,"column":33}},"47":{"start":{"line":48,"column":0},"end":{"line":48,"column":31}},"48":{"start":{"line":49,"column":0},"end":{"line":49,"column":59}},"49":{"start":{"line":50,"column":0},"end":{"line":50,"column":61}},"50":{"start":{"line":51,"column":0},"end":{"line":51,"column":9}},"51":{"start":{"line":52,"column":0},"end":{"line":52,"column":3}},"52":{"start":{"line":53,"column":0},"end":{"line":53,"column":22}},"53":{"start":{"line":54,"column":0},"end":{"line":54,"column":1}},"55":{"start":{"line":56,"column":0},"end":{"line":56,"column":35}},"56":{"start":{"line":57,"column":0},"end":{"line":57,"column":18}},"57":{"start":{"line":58,"column":0},"end":{"line":58,"column":22}},"58":{"start":{"line":59,"column":0},"end":{"line":59,"column":17}},"59":{"start":{"line":60,"column":0},"end":{"line":60,"column":31}},"60":{"start":{"line":61,"column":0},"end":{"line":61,"column":60}},"61":{"start":{"line":62,"column":0},"end":{"line":62,"column":58}},"62":{"start":{"line":63,"column":0},"end":{"line":63,"column":15}},"63":{"start":{"line":64,"column":0},"end":{"line":64,"column":3}},"64":{"start":{"line":65,"column":0},"end":{"line":65,"column":22}},"65":{"start":{"line":66,"column":0},"end":{"line":66,"column":1}},"67":{"start":{"line":68,"column":0},"end":{"line":68,"column":38}},"68":{"start":{"line":69,"column":0},"end":{"line":69,"column":18}},"69":{"start":{"line":70,"column":0},"end":{"line":70,"column":45}},"70":{"start":{"line":71,"column":0},"end":{"line":71,"column":50}},"71":{"start":{"line":72,"column":0},"end":{"line":72,"column":77}},"72":{"start":{"line":73,"column":0},"end":{"line":73,"column":41}},"73":{"start":{"line":74,"column":0},"end":{"line":74,"column":15}},"74":{"start":{"line":75,"column":0},"end":{"line":75,"column":3}},"75":{"start":{"line":76,"column":0},"end":{"line":76,"column":22}},"76":{"start":{"line":77,"column":0},"end":{"line":77,"column":1}}},"s":{"0":1,"11":1,"12":1,"13":1,"14":1,"15":1,"16":1,"17":1,"18":1,"19":1,"20":1,"22":1,"23":1,"24":1,"25":1,"26":1,"27":1,"28":1,"29":1,"30":1,"31":1,"33":1,"34":1,"35":1,"36":1,"37":1,"38":1,"39":1,"40":1,"41":1,"43":1,"44":1,"45":1,"46":1,"47":1,"48":1,"49":1,"50":1,"51":1,"52":1,"53":1,"55":1,"56":1,"57":1,"58":1,"59":1,"60":1,"61":1,"62":1,"63":1,"64":1,"65":1,"67":0,"68":0,"69":0,"70":0,"71":0,"72":0,"73":0,"74":0,"75":0,"76":0},"branchMap":{"0":{"type":"branch","line":12,"loc":{"start":{"line":12,"column":0},"end":{"line":21,"column":1}},"locations":[{"start":{"line":12,"column":0},"end":{"line":21,"column":1}}]},"1":{"type":"branch","line":23,"loc":{"start":{"line":23,"column":0},"end":{"line":32,"column":1}},"locations":[{"start":{"line":23,"column":0},"end":{"line":32,"column":1}}]},"2":{"type":"branch","line":34,"loc":{"start":{"line":34,"column":0},"end":{"line":42,"column":1}},"locations":[{"start":{"line":34,"column":0},"end":{"line":42,"column":1}}]},"3":{"type":"branch","line":44,"loc":{"start":{"line":44,"column":0},"end":{"line":54,"column":1}},"locations":[{"start":{"line":44,"column":0},"end":{"line":54,"column":1}}]},"4":{"type":"branch","line":56,"loc":{"start":{"line":56,"column":0},"end":{"line":66,"column":1}},"locations":[{"start":{"line":56,"column":0},"end":{"line":66,"column":1}}]}},"b":{"0":[1],"1":[1],"2":[1],"3":[1],"4":[1]},"fnMap":{"0":{"name":"listComplaints","decl":{"start":{"line":12,"column":0},"end":{"line":21,"column":1}},"loc":{"start":{"line":12,"column":0},"end":{"line":21,"column":1}},"line":12},"1":{"name":"createComplaint","decl":{"start":{"line":23,"column":0},"end":{"line":32,"column":1}},"loc":{"start":{"line":23,"column":0},"end":{"line":32,"column":1}},"line":23},"2":{"name":"getComplaint","decl":{"start":{"line":34,"column":0},"end":{"line":42,"column":1}},"loc":{"start":{"line":34,"column":0},"end":{"line":42,"column":1}},"line":34},"3":{"name":"addResponse","decl":{"start":{"line":44,"column":0},"end":{"line":54,"column":1}},"loc":{"start":{"line":44,"column":0},"end":{"line":54,"column":1}},"line":44},"4":{"name":"updateStatus","decl":{"start":{"line":56,"column":0},"end":{"line":66,"column":1}},"loc":{"start":{"line":56,"column":0},"end":{"line":66,"column":1}},"line":56},"5":{"name":"getMyComplaints","decl":{"start":{"line":68,"column":0},"end":{"line":77,"column":1}},"loc":{"start":{"line":68,"column":0},"end":{"line":77,"column":1}},"line":68}},"f":{"0":1,"1":1,"2":1,"3":1,"4":1,"5":0}}
,"C:\\GIT_CJL\\convivium2\\frontend\\src\\api\\modules\\condominium.api.ts": {"path":"C:\\GIT_CJL\\convivium2\\frontend\\src\\api\\modules\\condominium.api.ts","all":false,"statementMap":{"0":{"start":{"line":1,"column":0},"end":{"line":1,"column":36}},"16":{"start":{"line":17,"column":0},"end":{"line":17,"column":39}},"17":{"start":{"line":18,"column":0},"end":{"line":18,"column":23}},"18":{"start":{"line":19,"column":0},"end":{"line":19,"column":52}},"19":{"start":{"line":20,"column":0},"end":{"line":20,"column":103}},"20":{"start":{"line":21,"column":0},"end":{"line":21,"column":11}},"21":{"start":{"line":22,"column":0},"end":{"line":22,"column":4}},"22":{"start":{"line":23,"column":0},"end":{"line":23,"column":22}},"23":{"start":{"line":24,"column":0},"end":{"line":24,"column":1}},"25":{"start":{"line":26,"column":0},"end":{"line":26,"column":40}},"26":{"start":{"line":27,"column":0},"end":{"line":27,"column":33}},"27":{"start":{"line":28,"column":0},"end":{"line":28,"column":38}},"28":{"start":{"line":29,"column":0},"end":{"line":29,"column":94}},"29":{"start":{"line":30,"column":0},"end":{"line":30,"column":22}},"30":{"start":{"line":31,"column":0},"end":{"line":31,"column":1}},"32":{"start":{"line":33,"column":0},"end":{"line":33,"column":85}},"33":{"start":{"line":34,"column":0},"end":{"line":34,"column":93}},"34":{"start":{"line":35,"column":0},"end":{"line":35,"column":22}},"35":{"start":{"line":36,"column":0},"end":{"line":36,"column":1}},"38":{"start":{"line":39,"column":0},"end":{"line":39,"column":97}},"39":{"start":{"line":40,"column":0},"end":{"line":40,"column":86}},"40":{"start":{"line":41,"column":0},"end":{"line":41,"column":22}},"41":{"start":{"line":42,"column":0},"end":{"line":42,"column":1}},"43":{"start":{"line":44,"column":0},"end":{"line":44,"column":40}},"44":{"start":{"line":45,"column":0},"end":{"line":45,"column":13}},"45":{"start":{"line":46,"column":0},"end":{"line":46,"column":33}},"46":{"start":{"line":47,"column":0},"end":{"line":47,"column":38}},"47":{"start":{"line":48,"column":0},"end":{"line":48,"column":99}},"48":{"start":{"line":49,"column":0},"end":{"line":49,"column":22}},"49":{"start":{"line":50,"column":0},"end":{"line":50,"column":1}},"51":{"start":{"line":52,"column":0},"end":{"line":52,"column":81}},"52":{"start":{"line":53,"column":0},"end":{"line":53,"column":89}},"53":{"start":{"line":54,"column":0},"end":{"line":54,"column":22}},"54":{"start":{"line":55,"column":0},"end":{"line":55,"column":1}},"56":{"start":{"line":57,"column":0},"end":{"line":57,"column":46}},"57":{"start":{"line":58,"column":0},"end":{"line":58,"column":13}},"58":{"start":{"line":59,"column":0},"end":{"line":59,"column":17}},"59":{"start":{"line":60,"column":0},"end":{"line":60,"column":31}},"60":{"start":{"line":61,"column":0},"end":{"line":61,"column":97}},"61":{"start":{"line":62,"column":0},"end":{"line":62,"column":11}},"62":{"start":{"line":63,"column":0},"end":{"line":63,"column":4}},"63":{"start":{"line":64,"column":0},"end":{"line":64,"column":22}},"64":{"start":{"line":65,"column":0},"end":{"line":65,"column":1}},"66":{"start":{"line":67,"column":0},"end":{"line":67,"column":41}},"67":{"start":{"line":68,"column":0},"end":{"line":68,"column":13}},"68":{"start":{"line":69,"column":0},"end":{"line":69,"column":24}},"69":{"start":{"line":70,"column":0},"end":{"line":70,"column":38}},"70":{"start":{"line":71,"column":0},"end":{"line":71,"column":67}},"71":{"start":{"line":72,"column":0},"end":{"line":72,"column":37}},"72":{"start":{"line":73,"column":0},"end":{"line":73,"column":15}},"73":{"start":{"line":74,"column":0},"end":{"line":74,"column":3}},"74":{"start":{"line":75,"column":0},"end":{"line":75,"column":22}},"75":{"start":{"line":76,"column":0},"end":{"line":76,"column":1}},"77":{"start":{"line":78,"column":0},"end":{"line":78,"column":65}},"78":{"start":{"line":79,"column":0},"end":{"line":79,"column":75}},"79":{"start":{"line":80,"column":0},"end":{"line":80,"column":22}},"80":{"start":{"line":81,"column":0},"end":{"line":81,"column":1}},"84":{"start":{"line":85,"column":0},"end":{"line":85,"column":88}},"85":{"start":{"line":86,"column":0},"end":{"line":86,"column":64}},"86":{"start":{"line":87,"column":0},"end":{"line":87,"column":35}},"87":{"start":{"line":88,"column":0},"end":{"line":88,"column":3}},"88":{"start":{"line":89,"column":0},"end":{"line":89,"column":22}},"89":{"start":{"line":90,"column":0},"end":{"line":90,"column":1}},"91":{"start":{"line":92,"column":0},"end":{"line":92,"column":37}},"92":{"start":{"line":93,"column":0},"end":{"line":93,"column":18}},"93":{"start":{"line":94,"column":0},"end":{"line":94,"column":30}},"94":{"start":{"line":95,"column":0},"end":{"line":95,"column":35}},"95":{"start":{"line":96,"column":0},"end":{"line":96,"column":63}},"96":{"start":{"line":97,"column":0},"end":{"line":97,"column":35}},"97":{"start":{"line":98,"column":0},"end":{"line":98,"column":9}},"98":{"start":{"line":99,"column":0},"end":{"line":99,"column":3}},"99":{"start":{"line":100,"column":0},"end":{"line":100,"column":22}},"100":{"start":{"line":101,"column":0},"end":{"line":101,"column":1}},"102":{"start":{"line":103,"column":0},"end":{"line":103,"column":37}},"103":{"start":{"line":104,"column":0},"end":{"line":104,"column":18}},"104":{"start":{"line":105,"column":0},"end":{"line":105,"column":21}},"105":{"start":{"line":106,"column":0},"end":{"line":106,"column":31}},"106":{"start":{"line":107,"column":0},"end":{"line":107,"column":61}},"107":{"start":{"line":108,"column":0},"end":{"line":108,"column":49}},"108":{"start":{"line":109,"column":0},"end":{"line":109,"column":3}},"109":{"start":{"line":110,"column":0},"end":{"line":110,"column":22}},"110":{"start":{"line":111,"column":0},"end":{"line":111,"column":1}},"112":{"start":{"line":113,"column":0},"end":{"line":113,"column":80}},"113":{"start":{"line":114,"column":0},"end":{"line":114,"column":87}},"114":{"start":{"line":115,"column":0},"end":{"line":115,"column":22}},"115":{"start":{"line":116,"column":0},"end":{"line":116,"column":1}},"117":{"start":{"line":118,"column":0},"end":{"line":118,"column":33}},"118":{"start":{"line":119,"column":0},"end":{"line":119,"column":18}},"119":{"start":{"line":120,"column":0},"end":{"line":120,"column":26}},"120":{"start":{"line":121,"column":0},"end":{"line":121,"column":31}},"121":{"start":{"line":122,"column":0},"end":{"line":122,"column":59}},"122":{"start":{"line":123,"column":0},"end":{"line":123,"column":31}},"123":{"start":{"line":124,"column":0},"end":{"line":124,"column":9}},"124":{"start":{"line":125,"column":0},"end":{"line":125,"column":3}},"125":{"start":{"line":126,"column":0},"end":{"line":126,"column":22}},"126":{"start":{"line":127,"column":0},"end":{"line":127,"column":1}},"128":{"start":{"line":129,"column":0},"end":{"line":129,"column":33}},"129":{"start":{"line":130,"column":0},"end":{"line":130,"column":18}},"130":{"start":{"line":131,"column":0},"end":{"line":131,"column":17}},"131":{"start":{"line":132,"column":0},"end":{"line":132,"column":31}},"132":{"start":{"line":133,"column":0},"end":{"line":133,"column":61}},"133":{"start":{"line":134,"column":0},"end":{"line":134,"column":41}},"134":{"start":{"line":135,"column":0},"end":{"line":135,"column":3}},"135":{"start":{"line":136,"column":0},"end":{"line":136,"column":22}},"136":{"start":{"line":137,"column":0},"end":{"line":137,"column":1}},"169":{"start":{"line":170,"column":0},"end":{"line":170,"column":39}},"170":{"start":{"line":171,"column":0},"end":{"line":171,"column":18}},"171":{"start":{"line":172,"column":0},"end":{"line":172,"column":33}},"172":{"start":{"line":173,"column":0},"end":{"line":173,"column":51}},"173":{"start":{"line":174,"column":0},"end":{"line":174,"column":79}},"174":{"start":{"line":175,"column":0},"end":{"line":175,"column":43}},"175":{"start":{"line":176,"column":0},"end":{"line":176,"column":9}},"176":{"start":{"line":177,"column":0},"end":{"line":177,"column":3}},"177":{"start":{"line":178,"column":0},"end":{"line":178,"column":22}},"178":{"start":{"line":179,"column":0},"end":{"line":179,"column":1}},"180":{"start":{"line":181,"column":0},"end":{"line":181,"column":37}},"181":{"start":{"line":182,"column":0},"end":{"line":182,"column":18}},"182":{"start":{"line":183,"column":0},"end":{"line":183,"column":30}},"183":{"start":{"line":184,"column":0},"end":{"line":184,"column":31}},"184":{"start":{"line":185,"column":0},"end":{"line":185,"column":59}},"185":{"start":{"line":186,"column":0},"end":{"line":186,"column":41}},"186":{"start":{"line":187,"column":0},"end":{"line":187,"column":9}},"187":{"start":{"line":188,"column":0},"end":{"line":188,"column":3}},"188":{"start":{"line":189,"column":0},"end":{"line":189,"column":22}},"189":{"start":{"line":190,"column":0},"end":{"line":190,"column":1}},"191":{"start":{"line":192,"column":0},"end":{"line":192,"column":40}},"192":{"start":{"line":193,"column":0},"end":{"line":193,"column":18}},"193":{"start":{"line":194,"column":0},"end":{"line":194,"column":33}},"194":{"start":{"line":195,"column":0},"end":{"line":195,"column":31}},"195":{"start":{"line":196,"column":0},"end":{"line":196,"column":59}},"196":{"start":{"line":197,"column":0},"end":{"line":197,"column":44}},"197":{"start":{"line":198,"column":0},"end":{"line":198,"column":9}},"198":{"start":{"line":199,"column":0},"end":{"line":199,"column":3}},"199":{"start":{"line":200,"column":0},"end":{"line":200,"column":22}},"200":{"start":{"line":201,"column":0},"end":{"line":201,"column":1}}},"s":{"0":1,"16":1,"17":1,"18":1,"19":1,"20":1,"21":1,"22":1,"23":1,"25":1,"26":1,"27":1,"28":1,"29":1,"30":1,"32":0,"33":0,"34":0,"35":0,"38":1,"39":1,"40":1,"41":1,"43":0,"44":0,"45":0,"46":0,"47":0,"48":0,"49":0,"51":1,"52":1,"53":1,"54":1,"56":0,"57":0,"58":0,"59":0,"60":0,"61":0,"62":0,"63":0,"64":0,"66":0,"67":0,"68":0,"69":0,"70":0,"71":0,"72":0,"73":0,"74":0,"75":0,"77":1,"78":1,"79":1,"80":1,"84":0,"85":0,"86":0,"87":0,"88":0,"89":0,"91":0,"92":0,"93":0,"94":0,"95":0,"96":0,"97":0,"98":0,"99":0,"100":0,"102":0,"103":0,"104":0,"105":0,"106":0,"107":0,"108":0,"109":0,"110":0,"112":0,"113":0,"114":0,"115":0,"117":0,"118":0,"119":0,"120":0,"121":0,"122":0,"123":0,"124":0,"125":0,"126":0,"128":0,"129":0,"130":0,"131":0,"132":0,"133":0,"134":0,"135":0,"136":0,"169":0,"170":0,"171":0,"172":0,"173":0,"174":0,"175":0,"176":0,"177":0,"178":0,"180":0,"181":0,"182":0,"183":0,"184":0,"185":0,"186":0,"187":0,"188":0,"189":0,"191":0,"192":0,"193":0,"194":0,"195":0,"196":0,"197":0,"198":0,"199":0,"200":0},"branchMap":{"0":{"type":"branch","line":17,"loc":{"start":{"line":17,"column":0},"end":{"line":24,"column":1}},"locations":[{"start":{"line":17,"column":0},"end":{"line":24,"column":1}}]},"1":{"type":"branch","line":26,"loc":{"start":{"line":26,"column":0},"end":{"line":31,"column":1}},"locations":[{"start":{"line":26,"column":0},"end":{"line":31,"column":1}}]},"2":{"type":"branch","line":39,"loc":{"start":{"line":39,"column":0},"end":{"line":42,"column":1}},"locations":[{"start":{"line":39,"column":0},"end":{"line":42,"column":1}}]},"3":{"type":"branch","line":52,"loc":{"start":{"line":52,"column":0},"end":{"line":55,"column":1}},"locations":[{"start":{"line":52,"column":0},"end":{"line":55,"column":1}}]},"4":{"type":"branch","line":78,"loc":{"start":{"line":78,"column":0},"end":{"line":81,"column":1}},"locations":[{"start":{"line":78,"column":0},"end":{"line":81,"column":1}}]}},"b":{"0":[1],"1":[1],"2":[1],"3":[1],"4":[1]},"fnMap":{"0":{"name":"listCondominiums","decl":{"start":{"line":17,"column":0},"end":{"line":24,"column":1}},"loc":{"start":{"line":17,"column":0},"end":{"line":24,"column":1}},"line":17},"1":{"name":"createCondominium","decl":{"start":{"line":26,"column":0},"end":{"line":31,"column":1}},"loc":{"start":{"line":26,"column":0},"end":{"line":31,"column":1}},"line":26},"2":{"name":"getCondominium","decl":{"start":{"line":33,"column":0},"end":{"line":36,"column":1}},"loc":{"start":{"line":33,"column":0},"end":{"line":36,"column":1}},"line":33},"3":{"name":"getCondominiumSummary","decl":{"start":{"line":39,"column":0},"end":{"line":42,"column":1}},"loc":{"start":{"line":39,"column":0},"end":{"line":42,"column":1}},"line":39},"4":{"name":"updateCondominium","decl":{"start":{"line":44,"column":0},"end":{"line":50,"column":1}},"loc":{"start":{"line":44,"column":0},"end":{"line":50,"column":1}},"line":44},"5":{"name":"deleteCondominium","decl":{"start":{"line":52,"column":0},"end":{"line":55,"column":1}},"loc":{"start":{"line":52,"column":0},"end":{"line":55,"column":1}},"line":52},"6":{"name":"updateCondominiumStatus","decl":{"start":{"line":57,"column":0},"end":{"line":65,"column":1}},"loc":{"start":{"line":57,"column":0},"end":{"line":65,"column":1}},"line":57},"7":{"name":"setCondominiumPlan","decl":{"start":{"line":67,"column":0},"end":{"line":76,"column":1}},"loc":{"start":{"line":67,"column":0},"end":{"line":76,"column":1}},"line":67},"8":{"name":"listPlans","decl":{"start":{"line":78,"column":0},"end":{"line":81,"column":1}},"loc":{"start":{"line":78,"column":0},"end":{"line":81,"column":1}},"line":78},"9":{"name":"listBuildings","decl":{"start":{"line":85,"column":0},"end":{"line":90,"column":1}},"loc":{"start":{"line":85,"column":0},"end":{"line":90,"column":1}},"line":85},"10":{"name":"createBuilding","decl":{"start":{"line":92,"column":0},"end":{"line":101,"column":1}},"loc":{"start":{"line":92,"column":0},"end":{"line":101,"column":1}},"line":92},"11":{"name":"deleteBuilding","decl":{"start":{"line":103,"column":0},"end":{"line":111,"column":1}},"loc":{"start":{"line":103,"column":0},"end":{"line":111,"column":1}},"line":103},"12":{"name":"listUnits","decl":{"start":{"line":113,"column":0},"end":{"line":116,"column":1}},"loc":{"start":{"line":113,"column":0},"end":{"line":116,"column":1}},"line":113},"13":{"name":"createUnit","decl":{"start":{"line":118,"column":0},"end":{"line":127,"column":1}},"loc":{"start":{"line":118,"column":0},"end":{"line":127,"column":1}},"line":118},"14":{"name":"deleteUnit","decl":{"start":{"line":129,"column":0},"end":{"line":137,"column":1}},"loc":{"start":{"line":129,"column":0},"end":{"line":137,"column":1}},"line":129},"15":{"name":"previewStructure","decl":{"start":{"line":170,"column":0},"end":{"line":179,"column":1}},"loc":{"start":{"line":170,"column":0},"end":{"line":179,"column":1}},"line":170},"16":{"name":"applyStructure","decl":{"start":{"line":181,"column":0},"end":{"line":190,"column":1}},"loc":{"start":{"line":181,"column":0},"end":{"line":190,"column":1}},"line":181},"17":{"name":"generateStructure","decl":{"start":{"line":192,"column":0},"end":{"line":201,"column":1}},"loc":{"start":{"line":192,"column":0},"end":{"line":201,"column":1}},"line":192}},"f":{"0":1,"1":1,"2":0,"3":1,"4":0,"5":1,"6":0,"7":0,"8":1,"9":0,"10":0,"11":0,"12":0,"13":0,"14":0,"15":0,"16":0,"17":0}}
,"C:\\GIT_CJL\\convivium2\\frontend\\src\\api\\modules\\dashboard.api.ts": {"path":"C:\\GIT_CJL\\convivium2\\frontend\\src\\api\\modules\\dashboard.api.ts","all":false,"statementMap":{"0":{"start":{"line":1,"column":0},"end":{"line":1,"column":36}},"19":{"start":{"line":20,"column":0},"end":{"line":20,"column":40}},"20":{"start":{"line":21,"column":0},"end":{"line":21,"column":18}},"21":{"start":{"line":22,"column":0},"end":{"line":22,"column":41}},"22":{"start":{"line":23,"column":0},"end":{"line":23,"column":68}},"23":{"start":{"line":24,"column":0},"end":{"line":24,"column":41}},"24":{"start":{"line":25,"column":0},"end":{"line":25,"column":3}},"25":{"start":{"line":26,"column":0},"end":{"line":26,"column":22}},"26":{"start":{"line":27,"column":0},"end":{"line":27,"column":1}},"28":{"start":{"line":29,"column":0},"end":{"line":29,"column":38}},"29":{"start":{"line":30,"column":0},"end":{"line":30,"column":18}},"30":{"start":{"line":31,"column":0},"end":{"line":31,"column":19}},"31":{"start":{"line":32,"column":0},"end":{"line":32,"column":20}},"32":{"start":{"line":33,"column":0},"end":{"line":33,"column":57}},"33":{"start":{"line":34,"column":0},"end":{"line":34,"column":84}},"34":{"start":{"line":35,"column":0},"end":{"line":35,"column":44}},"35":{"start":{"line":36,"column":0},"end":{"line":36,"column":31}},"36":{"start":{"line":37,"column":0},"end":{"line":37,"column":3}},"37":{"start":{"line":38,"column":0},"end":{"line":38,"column":22}},"38":{"start":{"line":39,"column":0},"end":{"line":39,"column":1}}},"s":{"0":1,"19":1,"20":1,"21":1,"22":1,"23":1,"24":1,"25":1,"26":1,"28":1,"29":1,"30":1,"31":1,"32":1,"33":1,"34":1,"35":1,"36":1,"37":1,"38":1},"branchMap":{"0":{"type":"branch","line":20,"loc":{"start":{"line":20,"column":0},"end":{"line":27,"column":1}},"locations":[{"start":{"line":20,"column":0},"end":{"line":27,"column":1}}]},"1":{"type":"branch","line":29,"loc":{"start":{"line":29,"column":0},"end":{"line":39,"column":1}},"locations":[{"start":{"line":29,"column":0},"end":{"line":39,"column":1}}]}},"b":{"0":[1],"1":[1]},"fnMap":{"0":{"name":"getDashboardStats","decl":{"start":{"line":20,"column":0},"end":{"line":27,"column":1}},"loc":{"start":{"line":20,"column":0},"end":{"line":27,"column":1}},"line":20},"1":{"name":"getUnitActivity","decl":{"start":{"line":29,"column":0},"end":{"line":39,"column":1}},"loc":{"start":{"line":29,"column":0},"end":{"line":39,"column":1}},"line":29}},"f":{"0":1,"1":1}}
,"C:\\GIT_CJL\\convivium2\\frontend\\src\\api\\modules\\notification.api.ts": {"path":"C:\\GIT_CJL\\convivium2\\frontend\\src\\api\\modules\\notification.api.ts","all":false,"statementMap":{"0":{"start":{"line":1,"column":0},"end":{"line":1,"column":36}},"9":{"start":{"line":10,"column":0},"end":{"line":10,"column":39}},"10":{"start":{"line":11,"column":0},"end":{"line":11,"column":23}},"11":{"start":{"line":12,"column":0},"end":{"line":12,"column":53}},"12":{"start":{"line":13,"column":0},"end":{"line":13,"column":80}},"13":{"start":{"line":14,"column":0},"end":{"line":14,"column":21}},"14":{"start":{"line":15,"column":0},"end":{"line":15,"column":15}},"15":{"start":{"line":16,"column":0},"end":{"line":16,"column":3}},"16":{"start":{"line":17,"column":0},"end":{"line":17,"column":22}},"17":{"start":{"line":18,"column":0},"end":{"line":18,"column":1}},"19":{"start":{"line":20,"column":0},"end":{"line":20,"column":74}},"20":{"start":{"line":21,"column":0},"end":{"line":21,"column":88}},"21":{"start":{"line":22,"column":0},"end":{"line":22,"column":22}},"22":{"start":{"line":23,"column":0},"end":{"line":23,"column":1}},"24":{"start":{"line":25,"column":0},"end":{"line":25,"column":67}},"25":{"start":{"line":26,"column":0},"end":{"line":26,"column":86}},"26":{"start":{"line":27,"column":0},"end":{"line":27,"column":22}},"27":{"start":{"line":28,"column":0},"end":{"line":28,"column":1}},"29":{"start":{"line":30,"column":0},"end":{"line":30,"column":81}},"30":{"start":{"line":31,"column":0},"end":{"line":31,"column":71}},"31":{"start":{"line":32,"column":0},"end":{"line":32,"column":34}},"32":{"start":{"line":33,"column":0},"end":{"line":33,"column":3}},"33":{"start":{"line":34,"column":0},"end":{"line":34,"column":22}},"34":{"start":{"line":35,"column":0},"end":{"line":35,"column":1}},"36":{"start":{"line":37,"column":0},"end":{"line":37,"column":88}},"37":{"start":{"line":38,"column":0},"end":{"line":38,"column":78}},"38":{"start":{"line":39,"column":0},"end":{"line":39,"column":33}},"39":{"start":{"line":40,"column":0},"end":{"line":40,"column":3}},"40":{"start":{"line":41,"column":0},"end":{"line":41,"column":22}},"41":{"start":{"line":42,"column":0},"end":{"line":42,"column":1}},"43":{"start":{"line":44,"column":0},"end":{"line":44,"column":40}},"44":{"start":{"line":45,"column":0},"end":{"line":45,"column":34}},"45":{"start":{"line":46,"column":0},"end":{"line":46,"column":31}},"46":{"start":{"line":47,"column":0},"end":{"line":47,"column":94}},"47":{"start":{"line":48,"column":0},"end":{"line":48,"column":22}},"48":{"start":{"line":49,"column":0},"end":{"line":49,"column":1}}},"s":{"0":1,"9":1,"10":1,"11":1,"12":1,"13":1,"14":1,"15":1,"16":1,"17":1,"19":1,"20":1,"21":1,"22":1,"24":1,"25":1,"26":1,"27":1,"29":1,"30":1,"31":1,"32":1,"33":1,"34":1,"36":0,"37":0,"38":0,"39":0,"40":0,"41":0,"43":0,"44":0,"45":0,"46":0,"47":0,"48":0},"branchMap":{"0":{"type":"branch","line":10,"loc":{"start":{"line":10,"column":0},"end":{"line":18,"column":1}},"locations":[{"start":{"line":10,"column":0},"end":{"line":18,"column":1}}]},"1":{"type":"branch","line":20,"loc":{"start":{"line":20,"column":0},"end":{"line":23,"column":1}},"locations":[{"start":{"line":20,"column":0},"end":{"line":23,"column":1}}]},"2":{"type":"branch","line":25,"loc":{"start":{"line":25,"column":0},"end":{"line":28,"column":1}},"locations":[{"start":{"line":25,"column":0},"end":{"line":28,"column":1}}]},"3":{"type":"branch","line":30,"loc":{"start":{"line":30,"column":0},"end":{"line":35,"column":1}},"locations":[{"start":{"line":30,"column":0},"end":{"line":35,"column":1}}]}},"b":{"0":[1],"1":[1],"2":[1],"3":[1]},"fnMap":{"0":{"name":"getNotifications","decl":{"start":{"line":10,"column":0},"end":{"line":18,"column":1}},"loc":{"start":{"line":10,"column":0},"end":{"line":18,"column":1}},"line":10},"1":{"name":"markAsRead","decl":{"start":{"line":20,"column":0},"end":{"line":23,"column":1}},"loc":{"start":{"line":20,"column":0},"end":{"line":23,"column":1}},"line":20},"2":{"name":"markAllAsRead","decl":{"start":{"line":25,"column":0},"end":{"line":28,"column":1}},"loc":{"start":{"line":25,"column":0},"end":{"line":28,"column":1}},"line":25},"3":{"name":"getUnreadCount","decl":{"start":{"line":30,"column":0},"end":{"line":35,"column":1}},"loc":{"start":{"line":30,"column":0},"end":{"line":35,"column":1}},"line":30},"4":{"name":"getPreferences","decl":{"start":{"line":37,"column":0},"end":{"line":42,"column":1}},"loc":{"start":{"line":37,"column":0},"end":{"line":42,"column":1}},"line":37},"5":{"name":"updatePreferences","decl":{"start":{"line":44,"column":0},"end":{"line":49,"column":1}},"loc":{"start":{"line":44,"column":0},"end":{"line":49,"column":1}},"line":44}},"f":{"0":1,"1":1,"2":1,"3":1,"4":0,"5":0}}
,"C:\\GIT_CJL\\convivium2\\frontend\\src\\api\\modules\\parcel.api.ts": {"path":"C:\\GIT_CJL\\convivium2\\frontend\\src\\api\\modules\\parcel.api.ts","all":false,"statementMap":{"0":{"start":{"line":1,"column":0},"end":{"line":1,"column":36}},"11":{"start":{"line":12,"column":0},"end":{"line":12,"column":34}},"12":{"start":{"line":13,"column":0},"end":{"line":13,"column":18}},"13":{"start":{"line":14,"column":0},"end":{"line":14,"column":45}},"14":{"start":{"line":15,"column":0},"end":{"line":15,"column":47}},"15":{"start":{"line":16,"column":0},"end":{"line":16,"column":74}},"16":{"start":{"line":17,"column":0},"end":{"line":17,"column":33}},"17":{"start":{"line":18,"column":0},"end":{"line":18,"column":15}},"18":{"start":{"line":19,"column":0},"end":{"line":19,"column":3}},"19":{"start":{"line":20,"column":0},"end":{"line":20,"column":22}},"20":{"start":{"line":21,"column":0},"end":{"line":21,"column":1}},"22":{"start":{"line":23,"column":0},"end":{"line":23,"column":35}},"23":{"start":{"line":24,"column":0},"end":{"line":24,"column":18}},"24":{"start":{"line":25,"column":0},"end":{"line":25,"column":28}},"25":{"start":{"line":26,"column":0},"end":{"line":26,"column":33}},"26":{"start":{"line":27,"column":0},"end":{"line":27,"column":61}},"27":{"start":{"line":28,"column":0},"end":{"line":28,"column":33}},"28":{"start":{"line":29,"column":0},"end":{"line":29,"column":9}},"29":{"start":{"line":30,"column":0},"end":{"line":30,"column":3}},"30":{"start":{"line":31,"column":0},"end":{"line":31,"column":22}},"31":{"start":{"line":32,"column":0},"end":{"line":32,"column":1}},"33":{"start":{"line":34,"column":0},"end":{"line":34,"column":32}},"34":{"start":{"line":35,"column":0},"end":{"line":35,"column":18}},"35":{"start":{"line":36,"column":0},"end":{"line":36,"column":13}},"36":{"start":{"line":37,"column":0},"end":{"line":37,"column":39}},"37":{"start":{"line":38,"column":0},"end":{"line":38,"column":66}},"38":{"start":{"line":39,"column":0},"end":{"line":39,"column":39}},"39":{"start":{"line":40,"column":0},"end":{"line":40,"column":3}},"40":{"start":{"line":41,"column":0},"end":{"line":41,"column":22}},"41":{"start":{"line":42,"column":0},"end":{"line":42,"column":1}},"43":{"start":{"line":44,"column":0},"end":{"line":44,"column":34}},"44":{"start":{"line":45,"column":0},"end":{"line":45,"column":18}},"45":{"start":{"line":46,"column":0},"end":{"line":46,"column":19}},"46":{"start":{"line":47,"column":0},"end":{"line":47,"column":13}},"47":{"start":{"line":48,"column":0},"end":{"line":48,"column":20}},"48":{"start":{"line":49,"column":0},"end":{"line":49,"column":31}},"49":{"start":{"line":50,"column":0},"end":{"line":50,"column":33}},"50":{"start":{"line":51,"column":0},"end":{"line":51,"column":31}},"51":{"start":{"line":52,"column":0},"end":{"line":52,"column":41}},"53":{"start":{"line":54,"column":0},"end":{"line":54,"column":59}},"54":{"start":{"line":55,"column":0},"end":{"line":55,"column":52}},"55":{"start":{"line":56,"column":0},"end":{"line":56,"column":13}},"56":{"start":{"line":57,"column":0},"end":{"line":57,"column":5}},"57":{"start":{"line":58,"column":0},"end":{"line":58,"column":16}},"58":{"start":{"line":59,"column":0},"end":{"line":59,"column":46}},"59":{"start":{"line":60,"column":0},"end":{"line":60,"column":8}},"60":{"start":{"line":61,"column":0},"end":{"line":61,"column":6}},"61":{"start":{"line":62,"column":0},"end":{"line":62,"column":3}},"62":{"start":{"line":63,"column":0},"end":{"line":63,"column":22}},"63":{"start":{"line":64,"column":0},"end":{"line":64,"column":1}},"65":{"start":{"line":66,"column":0},"end":{"line":66,"column":35}},"66":{"start":{"line":67,"column":0},"end":{"line":67,"column":18}},"67":{"start":{"line":68,"column":0},"end":{"line":68,"column":19}},"68":{"start":{"line":69,"column":0},"end":{"line":69,"column":71}},"69":{"start":{"line":70,"column":0},"end":{"line":70,"column":40}},"71":{"start":{"line":72,"column":0},"end":{"line":72,"column":59}},"72":{"start":{"line":73,"column":0},"end":{"line":73,"column":22}},"73":{"start":{"line":74,"column":0},"end":{"line":74,"column":1}},"75":{"start":{"line":76,"column":0},"end":{"line":76,"column":35}},"76":{"start":{"line":77,"column":0},"end":{"line":77,"column":18}},"77":{"start":{"line":78,"column":0},"end":{"line":78,"column":19}},"78":{"start":{"line":79,"column":0},"end":{"line":79,"column":28}},"79":{"start":{"line":80,"column":0},"end":{"line":80,"column":31}},"80":{"start":{"line":81,"column":0},"end":{"line":81,"column":59}},"81":{"start":{"line":82,"column":0},"end":{"line":82,"column":52}},"82":{"start":{"line":83,"column":0},"end":{"line":83,"column":9}},"83":{"start":{"line":84,"column":0},"end":{"line":84,"column":3}},"84":{"start":{"line":85,"column":0},"end":{"line":85,"column":22}},"85":{"start":{"line":86,"column":0},"end":{"line":86,"column":1}},"87":{"start":{"line":88,"column":0},"end":{"line":88,"column":35}},"88":{"start":{"line":89,"column":0},"end":{"line":89,"column":18}},"89":{"start":{"line":90,"column":0},"end":{"line":90,"column":23}},"90":{"start":{"line":91,"column":0},"end":{"line":91,"column":47}},"91":{"start":{"line":92,"column":0},"end":{"line":92,"column":74}},"92":{"start":{"line":93,"column":0},"end":{"line":93,"column":38}},"93":{"start":{"line":94,"column":0},"end":{"line":94,"column":15}},"94":{"start":{"line":95,"column":0},"end":{"line":95,"column":3}},"95":{"start":{"line":96,"column":0},"end":{"line":96,"column":22}},"96":{"start":{"line":97,"column":0},"end":{"line":97,"column":1}}},"s":{"0":1,"11":1,"12":1,"13":1,"14":1,"15":1,"16":1,"17":1,"18":1,"19":1,"20":1,"22":1,"23":1,"24":1,"25":1,"26":1,"27":1,"28":1,"29":1,"30":1,"31":1,"33":1,"34":1,"35":1,"36":1,"37":1,"38":1,"39":1,"40":1,"41":1,"43":0,"44":0,"45":0,"46":0,"47":0,"48":0,"49":0,"50":0,"51":0,"53":0,"54":0,"55":0,"56":0,"57":0,"58":0,"59":0,"60":0,"61":0,"62":0,"63":0,"65":0,"66":0,"67":0,"68":0,"69":0,"71":0,"72":0,"73":0,"75":0,"76":0,"77":0,"78":0,"79":0,"80":0,"81":0,"82":0,"83":0,"84":0,"85":0,"87":0,"88":0,"89":0,"90":0,"91":0,"92":0,"93":0,"94":0,"95":0,"96":0},"branchMap":{"0":{"type":"branch","line":12,"loc":{"start":{"line":12,"column":0},"end":{"line":21,"column":1}},"locations":[{"start":{"line":12,"column":0},"end":{"line":21,"column":1}}]},"1":{"type":"branch","line":23,"loc":{"start":{"line":23,"column":0},"end":{"line":32,"column":1}},"locations":[{"start":{"line":23,"column":0},"end":{"line":32,"column":1}}]},"2":{"type":"branch","line":34,"loc":{"start":{"line":34,"column":0},"end":{"line":42,"column":1}},"locations":[{"start":{"line":34,"column":0},"end":{"line":42,"column":1}}]}},"b":{"0":[1],"1":[1],"2":[1]},"fnMap":{"0":{"name":"listParcels","decl":{"start":{"line":12,"column":0},"end":{"line":21,"column":1}},"loc":{"start":{"line":12,"column":0},"end":{"line":21,"column":1}},"line":12},"1":{"name":"createParcel","decl":{"start":{"line":23,"column":0},"end":{"line":32,"column":1}},"loc":{"start":{"line":23,"column":0},"end":{"line":32,"column":1}},"line":23},"2":{"name":"getParcel","decl":{"start":{"line":34,"column":0},"end":{"line":42,"column":1}},"loc":{"start":{"line":34,"column":0},"end":{"line":42,"column":1}},"line":34},"3":{"name":"uploadPhoto","decl":{"start":{"line":44,"column":0},"end":{"line":64,"column":1}},"loc":{"start":{"line":44,"column":0},"end":{"line":64,"column":1}},"line":44},"4":{"name":"generateCode","decl":{"start":{"line":66,"column":0},"end":{"line":74,"column":1}},"loc":{"start":{"line":66,"column":0},"end":{"line":74,"column":1}},"line":66},"5":{"name":"verifyPickup","decl":{"start":{"line":76,"column":0},"end":{"line":86,"column":1}},"loc":{"start":{"line":76,"column":0},"end":{"line":86,"column":1}},"line":76},"6":{"name":"getMyParcels","decl":{"start":{"line":88,"column":0},"end":{"line":97,"column":1}},"loc":{"start":{"line":88,"column":0},"end":{"line":97,"column":1}},"line":88}},"f":{"0":1,"1":1,"2":1,"3":0,"4":0,"5":0,"6":0}}
,"C:\\GIT_CJL\\convivium2\\frontend\\src\\api\\modules\\payment.api.ts": {"path":"C:\\GIT_CJL\\convivium2\\frontend\\src\\api\\modules\\payment.api.ts","all":false,"statementMap":{"0":{"start":{"line":1,"column":0},"end":{"line":1,"column":36}},"13":{"start":{"line":14,"column":0},"end":{"line":14,"column":44}},"14":{"start":{"line":15,"column":0},"end":{"line":15,"column":18}},"15":{"start":{"line":16,"column":0},"end":{"line":16,"column":18}},"16":{"start":{"line":17,"column":0},"end":{"line":17,"column":42}},"17":{"start":{"line":18,"column":0},"end":{"line":18,"column":70}},"18":{"start":{"line":19,"column":0},"end":{"line":19,"column":50}},"19":{"start":{"line":20,"column":0},"end":{"line":20,"column":37}},"20":{"start":{"line":21,"column":0},"end":{"line":21,"column":3}},"21":{"start":{"line":22,"column":0},"end":{"line":22,"column":22}},"22":{"start":{"line":23,"column":0},"end":{"line":23,"column":1}},"24":{"start":{"line":25,"column":0},"end":{"line":25,"column":35}},"25":{"start":{"line":26,"column":0},"end":{"line":26,"column":18}},"26":{"start":{"line":27,"column":0},"end":{"line":27,"column":44}},"27":{"start":{"line":28,"column":0},"end":{"line":28,"column":71}},"28":{"start":{"line":29,"column":0},"end":{"line":29,"column":42}},"29":{"start":{"line":30,"column":0},"end":{"line":30,"column":3}},"30":{"start":{"line":31,"column":0},"end":{"line":31,"column":22}},"31":{"start":{"line":32,"column":0},"end":{"line":32,"column":1}}},"s":{"0":1,"13":2,"14":2,"15":2,"16":2,"17":2,"18":2,"19":2,"20":2,"21":2,"22":2,"24":1,"25":1,"26":1,"27":1,"28":1,"29":1,"30":1,"31":1},"branchMap":{"0":{"type":"branch","line":14,"loc":{"start":{"line":14,"column":0},"end":{"line":23,"column":1}},"locations":[{"start":{"line":14,"column":0},"end":{"line":23,"column":1}}]},"1":{"type":"branch","line":20,"loc":{"start":{"line":20,"column":14},"end":{"line":20,"column":34}},"locations":[{"start":{"line":20,"column":14},"end":{"line":20,"column":34}}]},"2":{"type":"branch","line":20,"loc":{"start":{"line":20,"column":30},"end":{"line":20,"column":37}},"locations":[{"start":{"line":20,"column":30},"end":{"line":20,"column":37}}]},"3":{"type":"branch","line":25,"loc":{"start":{"line":25,"column":0},"end":{"line":32,"column":1}},"locations":[{"start":{"line":25,"column":0},"end":{"line":32,"column":1}}]}},"b":{"0":[2],"1":[1],"2":[1],"3":[1]},"fnMap":{"0":{"name":"createCheckoutSession","decl":{"start":{"line":14,"column":0},"end":{"line":23,"column":1}},"loc":{"start":{"line":14,"column":0},"end":{"line":23,"column":1}},"line":14},"1":{"name":"listInvoices","decl":{"start":{"line":25,"column":0},"end":{"line":32,"column":1}},"loc":{"start":{"line":25,"column":0},"end":{"line":32,"column":1}},"line":25}},"f":{"0":2,"1":1}}
,"C:\\GIT_CJL\\convivium2\\frontend\\src\\api\\modules\\user.api.ts": {"path":"C:\\GIT_CJL\\convivium2\\frontend\\src\\api\\modules\\user.api.ts","all":false,"statementMap":{"0":{"start":{"line":1,"column":0},"end":{"line":1,"column":36}},"11":{"start":{"line":12,"column":0},"end":{"line":12,"column":32}},"12":{"start":{"line":13,"column":0},"end":{"line":13,"column":18}},"13":{"start":{"line":14,"column":0},"end":{"line":14,"column":23}},"14":{"start":{"line":15,"column":0},"end":{"line":15,"column":45}},"15":{"start":{"line":16,"column":0},"end":{"line":16,"column":72}},"16":{"start":{"line":17,"column":0},"end":{"line":17,"column":31}},"17":{"start":{"line":18,"column":0},"end":{"line":18,"column":15}},"18":{"start":{"line":19,"column":0},"end":{"line":19,"column":3}},"19":{"start":{"line":20,"column":0},"end":{"line":20,"column":22}},"20":{"start":{"line":21,"column":0},"end":{"line":21,"column":1}},"22":{"start":{"line":23,"column":0},"end":{"line":23,"column":33}},"23":{"start":{"line":24,"column":0},"end":{"line":24,"column":18}},"24":{"start":{"line":25,"column":0},"end":{"line":25,"column":26}},"25":{"start":{"line":26,"column":0},"end":{"line":26,"column":31}},"26":{"start":{"line":27,"column":0},"end":{"line":27,"column":59}},"27":{"start":{"line":28,"column":0},"end":{"line":28,"column":31}},"28":{"start":{"line":29,"column":0},"end":{"line":29,"column":9}},"29":{"start":{"line":30,"column":0},"end":{"line":30,"column":3}},"30":{"start":{"line":31,"column":0},"end":{"line":31,"column":22}},"31":{"start":{"line":32,"column":0},"end":{"line":32,"column":1}},"33":{"start":{"line":34,"column":0},"end":{"line":34,"column":30}},"34":{"start":{"line":35,"column":0},"end":{"line":35,"column":18}},"35":{"start":{"line":36,"column":0},"end":{"line":36,"column":17}},"36":{"start":{"line":37,"column":0},"end":{"line":37,"column":37}},"37":{"start":{"line":38,"column":0},"end":{"line":38,"column":64}},"38":{"start":{"line":39,"column":0},"end":{"line":39,"column":41}},"39":{"start":{"line":40,"column":0},"end":{"line":40,"column":3}},"40":{"start":{"line":41,"column":0},"end":{"line":41,"column":22}},"41":{"start":{"line":42,"column":0},"end":{"line":42,"column":1}},"43":{"start":{"line":44,"column":0},"end":{"line":44,"column":33}},"44":{"start":{"line":45,"column":0},"end":{"line":45,"column":18}},"45":{"start":{"line":46,"column":0},"end":{"line":46,"column":17}},"46":{"start":{"line":47,"column":0},"end":{"line":47,"column":26}},"47":{"start":{"line":48,"column":0},"end":{"line":48,"column":31}},"48":{"start":{"line":49,"column":0},"end":{"line":49,"column":58}},"49":{"start":{"line":50,"column":0},"end":{"line":50,"column":41}},"50":{"start":{"line":51,"column":0},"end":{"line":51,"column":9}},"51":{"start":{"line":52,"column":0},"end":{"line":52,"column":3}},"52":{"start":{"line":53,"column":0},"end":{"line":53,"column":22}},"53":{"start":{"line":54,"column":0},"end":{"line":54,"column":1}},"55":{"start":{"line":56,"column":0},"end":{"line":56,"column":33}},"56":{"start":{"line":57,"column":0},"end":{"line":57,"column":18}},"57":{"start":{"line":58,"column":0},"end":{"line":58,"column":17}},"58":{"start":{"line":59,"column":0},"end":{"line":59,"column":31}},"59":{"start":{"line":60,"column":0},"end":{"line":60,"column":61}},"60":{"start":{"line":61,"column":0},"end":{"line":61,"column":41}},"61":{"start":{"line":62,"column":0},"end":{"line":62,"column":3}},"62":{"start":{"line":63,"column":0},"end":{"line":63,"column":22}},"63":{"start":{"line":64,"column":0},"end":{"line":64,"column":1}},"65":{"start":{"line":66,"column":0},"end":{"line":66,"column":90}},"66":{"start":{"line":67,"column":0},"end":{"line":67,"column":60}},"67":{"start":{"line":68,"column":0},"end":{"line":68,"column":39}},"68":{"start":{"line":69,"column":0},"end":{"line":69,"column":3}},"69":{"start":{"line":70,"column":0},"end":{"line":70,"column":22}},"70":{"start":{"line":71,"column":0},"end":{"line":71,"column":1}},"72":{"start":{"line":73,"column":0},"end":{"line":73,"column":34}},"73":{"start":{"line":74,"column":0},"end":{"line":74,"column":18}},"74":{"start":{"line":75,"column":0},"end":{"line":75,"column":17}},"75":{"start":{"line":76,"column":0},"end":{"line":76,"column":29}},"76":{"start":{"line":77,"column":0},"end":{"line":77,"column":31}},"77":{"start":{"line":78,"column":0},"end":{"line":78,"column":60}},"78":{"start":{"line":79,"column":0},"end":{"line":79,"column":49}},"79":{"start":{"line":80,"column":0},"end":{"line":80,"column":15}},"80":{"start":{"line":81,"column":0},"end":{"line":81,"column":3}},"81":{"start":{"line":82,"column":0},"end":{"line":82,"column":22}},"82":{"start":{"line":83,"column":0},"end":{"line":83,"column":1}},"84":{"start":{"line":85,"column":0},"end":{"line":85,"column":33}},"85":{"start":{"line":86,"column":0},"end":{"line":86,"column":18}},"86":{"start":{"line":87,"column":0},"end":{"line":87,"column":17}},"87":{"start":{"line":88,"column":0},"end":{"line":88,"column":31}},"88":{"start":{"line":89,"column":0},"end":{"line":89,"column":59}},"89":{"start":{"line":90,"column":0},"end":{"line":90,"column":48}},"90":{"start":{"line":91,"column":0},"end":{"line":91,"column":3}},"91":{"start":{"line":92,"column":0},"end":{"line":92,"column":22}},"92":{"start":{"line":93,"column":0},"end":{"line":93,"column":1}},"96":{"start":{"line":97,"column":0},"end":{"line":97,"column":35}},"97":{"start":{"line":98,"column":0},"end":{"line":98,"column":23}},"98":{"start":{"line":99,"column":0},"end":{"line":99,"column":45}},"99":{"start":{"line":100,"column":0},"end":{"line":100,"column":72}},"100":{"start":{"line":101,"column":0},"end":{"line":101,"column":19}},"101":{"start":{"line":102,"column":0},"end":{"line":102,"column":15}},"102":{"start":{"line":103,"column":0},"end":{"line":103,"column":3}},"103":{"start":{"line":104,"column":0},"end":{"line":104,"column":22}},"104":{"start":{"line":105,"column":0},"end":{"line":105,"column":1}}},"s":{"0":1,"11":1,"12":1,"13":1,"14":1,"15":1,"16":1,"17":1,"18":1,"19":1,"20":1,"22":1,"23":1,"24":1,"25":1,"26":1,"27":1,"28":1,"29":1,"30":1,"31":1,"33":1,"34":1,"35":1,"36":1,"37":1,"38":1,"39":1,"40":1,"41":1,"43":1,"44":1,"45":1,"46":1,"47":1,"48":1,"49":1,"50":1,"51":1,"52":1,"53":1,"55":1,"56":1,"57":1,"58":1,"59":1,"60":1,"61":1,"62":1,"63":1,"65":0,"66":0,"67":0,"68":0,"69":0,"70":0,"72":0,"73":0,"74":0,"75":0,"76":0,"77":0,"78":0,"79":0,"80":0,"81":0,"82":0,"84":0,"85":0,"86":0,"87":0,"88":0,"89":0,"90":0,"91":0,"92":0,"96":0,"97":0,"98":0,"99":0,"100":0,"101":0,"102":0,"103":0,"104":0},"branchMap":{"0":{"type":"branch","line":12,"loc":{"start":{"line":12,"column":0},"end":{"line":21,"column":1}},"locations":[{"start":{"line":12,"column":0},"end":{"line":21,"column":1}}]},"1":{"type":"branch","line":23,"loc":{"start":{"line":23,"column":0},"end":{"line":32,"column":1}},"locations":[{"start":{"line":23,"column":0},"end":{"line":32,"column":1}}]},"2":{"type":"branch","line":34,"loc":{"start":{"line":34,"column":0},"end":{"line":42,"column":1}},"locations":[{"start":{"line":34,"column":0},"end":{"line":42,"column":1}}]},"3":{"type":"branch","line":44,"loc":{"start":{"line":44,"column":0},"end":{"line":54,"column":1}},"locations":[{"start":{"line":44,"column":0},"end":{"line":54,"column":1}}]},"4":{"type":"branch","line":56,"loc":{"start":{"line":56,"column":0},"end":{"line":64,"column":1}},"locations":[{"start":{"line":56,"column":0},"end":{"line":64,"column":1}}]}},"b":{"0":[1],"1":[1],"2":[1],"3":[1],"4":[1]},"fnMap":{"0":{"name":"listUsers","decl":{"start":{"line":12,"column":0},"end":{"line":21,"column":1}},"loc":{"start":{"line":12,"column":0},"end":{"line":21,"column":1}},"line":12},"1":{"name":"createUser","decl":{"start":{"line":23,"column":0},"end":{"line":32,"column":1}},"loc":{"start":{"line":23,"column":0},"end":{"line":32,"column":1}},"line":23},"2":{"name":"getUser","decl":{"start":{"line":34,"column":0},"end":{"line":42,"column":1}},"loc":{"start":{"line":34,"column":0},"end":{"line":42,"column":1}},"line":34},"3":{"name":"updateUser","decl":{"start":{"line":44,"column":0},"end":{"line":54,"column":1}},"loc":{"start":{"line":44,"column":0},"end":{"line":54,"column":1}},"line":44},"4":{"name":"deleteUser","decl":{"start":{"line":56,"column":0},"end":{"line":64,"column":1}},"loc":{"start":{"line":56,"column":0},"end":{"line":64,"column":1}},"line":56},"5":{"name":"getPendingApprovals","decl":{"start":{"line":66,"column":0},"end":{"line":71,"column":1}},"loc":{"start":{"line":66,"column":0},"end":{"line":71,"column":1}},"line":66},"6":{"name":"approveUser","decl":{"start":{"line":73,"column":0},"end":{"line":83,"column":1}},"loc":{"start":{"line":73,"column":0},"end":{"line":83,"column":1}},"line":73},"7":{"name":"rejectUser","decl":{"start":{"line":85,"column":0},"end":{"line":93,"column":1}},"loc":{"start":{"line":85,"column":0},"end":{"line":93,"column":1}},"line":85},"8":{"name":"listAllUsers","decl":{"start":{"line":97,"column":0},"end":{"line":105,"column":1}},"loc":{"start":{"line":97,"column":0},"end":{"line":105,"column":1}},"line":97}},"f":{"0":1,"1":1,"2":1,"3":1,"4":1,"5":0,"6":0,"7":0,"8":0}}
,"C:\\GIT_CJL\\convivium2\\frontend\\src\\components\\base\\BaseAlert.vue": {"path":"C:\\GIT_CJL\\convivium2\\frontend\\src\\components\\base\\BaseAlert.vue","all":false,"statementMap":{"0":{"start":{"line":1,"column":0},"end":{"line":1,"column":24}},"6":{"start":{"line":7,"column":0},"end":{"line":7,"column":50}},"11":{"start":{"line":12,"column":0},"end":{"line":12,"column":26}},"15":{"start":{"line":16,"column":0},"end":{"line":16,"column":40}},"16":{"start":{"line":17,"column":0},"end":{"line":17,"column":57}},"17":{"start":{"line":18,"column":0},"end":{"line":18,"column":49}},"18":{"start":{"line":19,"column":0},"end":{"line":19,"column":60}},"19":{"start":{"line":20,"column":0},"end":{"line":20,"column":51}},"20":{"start":{"line":21,"column":0},"end":{"line":21,"column":1}},"24":{"start":{"line":25,"column":0},"end":{"line":25,"column":65}},"25":{"start":{"line":26,"column":0},"end":{"line":26,"column":50}},"26":{"start":{"line":27,"column":0},"end":{"line":27,"column":34}},"27":{"start":{"line":28,"column":0},"end":{"line":28,"column":16}},"28":{"start":{"line":29,"column":0},"end":{"line":29,"column":12}},"29":{"start":{"line":30,"column":0},"end":{"line":30,"column":13}},"30":{"start":{"line":31,"column":0},"end":{"line":31,"column":32}},"31":{"start":{"line":32,"column":0},"end":{"line":32,"column":58}},"32":{"start":{"line":33,"column":0},"end":{"line":33,"column":32}},"34":{"start":{"line":35,"column":0},"end":{"line":35,"column":83}},"35":{"start":{"line":36,"column":0},"end":{"line":36,"column":107}},"36":{"start":{"line":37,"column":0},"end":{"line":37,"column":14}},"37":{"start":{"line":38,"column":0},"end":{"line":38,"column":15}},"38":{"start":{"line":39,"column":0},"end":{"line":39,"column":10}},"39":{"start":{"line":40,"column":0},"end":{"line":40,"column":8}}},"s":{"0":1,"6":1,"11":1,"15":1,"16":1,"17":1,"18":1,"19":1,"20":1,"24":1,"25":1,"26":1,"27":1,"28":1,"29":1,"30":1,"31":1,"32":1,"34":1,"35":1,"36":1,"37":1,"38":1,"39":1},"branchMap":{"0":{"type":"branch","line":33,"loc":{"start":{"line":33,"column":14},"end":{"line":33,"column":32}},"locations":[{"start":{"line":33,"column":14},"end":{"line":33,"column":32}}]}},"b":{"0":[1]},"fnMap":{"0":{"name":"__vite_ssr_import_1__.createElementBlock.__vite_ssr_import_1__.createElementVNode.$setup.props.dismissible.__vite_ssr_import_1__.createElementBlock.onClick._cache.<computed>._cache.<computed>","decl":{"start":{"line":33,"column":14},"end":{"line":33,"column":32}},"loc":{"start":{"line":33,"column":14},"end":{"line":33,"column":32}},"line":33}},"f":{"0":1}}
,"C:\\GIT_CJL\\convivium2\\frontend\\src\\components\\base\\BaseBadge.vue": {"path":"C:\\GIT_CJL\\convivium2\\frontend\\src\\components\\base\\BaseBadge.vue","all":false,"statementMap":{"0":{"start":{"line":1,"column":0},"end":{"line":1,"column":24}},"5":{"start":{"line":6,"column":0},"end":{"line":6,"column":50}},"9":{"start":{"line":10,"column":0},"end":{"line":10,"column":41}},"10":{"start":{"line":11,"column":0},"end":{"line":11,"column":36}},"11":{"start":{"line":12,"column":0},"end":{"line":12,"column":39}},"12":{"start":{"line":13,"column":0},"end":{"line":13,"column":42}},"13":{"start":{"line":14,"column":0},"end":{"line":14,"column":33}},"14":{"start":{"line":15,"column":0},"end":{"line":15,"column":36}},"15":{"start":{"line":16,"column":0},"end":{"line":16,"column":1}},"19":{"start":{"line":20,"column":0},"end":{"line":20,"column":7}},"20":{"start":{"line":21,"column":0},"end":{"line":21,"column":83}},"21":{"start":{"line":22,"column":0},"end":{"line":22,"column":35}},"23":{"start":{"line":24,"column":0},"end":{"line":24,"column":12}},"24":{"start":{"line":25,"column":0},"end":{"line":25,"column":9}}},"s":{"0":1,"5":1,"9":1,"10":1,"11":1,"12":1,"13":1,"14":1,"15":1,"19":1,"20":1,"21":1,"23":1,"24":1},"branchMap":{},"b":{},"fnMap":{},"f":{}}
,"C:\\GIT_CJL\\convivium2\\frontend\\src\\components\\base\\BaseButton.vue": {"path":"C:\\GIT_CJL\\convivium2\\frontend\\src\\components\\base\\BaseButton.vue","all":false,"statementMap":{"0":{"start":{"line":1,"column":0},"end":{"line":1,"column":24}},"9":{"start":{"line":10,"column":0},"end":{"line":10,"column":50}},"17":{"start":{"line":18,"column":0},"end":{"line":18,"column":48}},"18":{"start":{"line":19,"column":0},"end":{"line":19,"column":83}},"19":{"start":{"line":20,"column":0},"end":{"line":20,"column":79}},"20":{"start":{"line":21,"column":0},"end":{"line":21,"column":70}},"21":{"start":{"line":22,"column":0},"end":{"line":22,"column":99}},"22":{"start":{"line":23,"column":0},"end":{"line":23,"column":1}},"24":{"start":{"line":25,"column":0},"end":{"line":25,"column":45}},"25":{"start":{"line":26,"column":0},"end":{"line":26,"column":28}},"26":{"start":{"line":27,"column":0},"end":{"line":27,"column":28}},"27":{"start":{"line":28,"column":0},"end":{"line":28,"column":28}},"28":{"start":{"line":29,"column":0},"end":{"line":29,"column":1}},"32":{"start":{"line":33,"column":0},"end":{"line":33,"column":9}},"33":{"start":{"line":34,"column":0},"end":{"line":34,"column":22}},"34":{"start":{"line":35,"column":0},"end":{"line":35,"column":47}},"35":{"start":{"line":36,"column":0},"end":{"line":36,"column":208}},"36":{"start":{"line":37,"column":0},"end":{"line":37,"column":69}},"38":{"start":{"line":39,"column":0},"end":{"line":39,"column":8}},"39":{"start":{"line":40,"column":0},"end":{"line":40,"column":26}},"40":{"start":{"line":41,"column":0},"end":{"line":41,"column":34}},"41":{"start":{"line":42,"column":0},"end":{"line":42,"column":40}},"42":{"start":{"line":43,"column":0},"end":{"line":43,"column":17}},"43":{"start":{"line":44,"column":0},"end":{"line":44,"column":25}},"45":{"start":{"line":46,"column":0},"end":{"line":46,"column":97}},"46":{"start":{"line":47,"column":0},"end":{"line":47,"column":101}},"47":{"start":{"line":48,"column":0},"end":{"line":48,"column":10}},"48":{"start":{"line":49,"column":0},"end":{"line":49,"column":12}},"49":{"start":{"line":50,"column":0},"end":{"line":50,"column":11}}},"s":{"0":1,"9":1,"17":1,"18":1,"19":1,"20":1,"21":1,"22":1,"24":1,"25":1,"26":1,"27":1,"28":1,"32":1,"33":1,"34":1,"35":1,"36":1,"38":1,"39":1,"40":1,"41":1,"42":1,"43":1,"45":1,"46":1,"47":1,"48":1,"49":1},"branchMap":{"0":{"type":"branch","line":35,"loc":{"start":{"line":35,"column":21},"end":{"line":35,"column":47}},"locations":[{"start":{"line":35,"column":21},"end":{"line":35,"column":47}}]}},"b":{"0":[22]},"fnMap":{},"f":{}}
,"C:\\GIT_CJL\\convivium2\\frontend\\src\\components\\base\\BaseCard.vue": {"path":"C:\\GIT_CJL\\convivium2\\frontend\\src\\components\\base\\BaseCard.vue","all":false,"statementMap":{"0":{"start":{"line":1,"column":0},"end":{"line":1,"column":24}},"13":{"start":{"line":14,"column":0},"end":{"line":14,"column":20}},"14":{"start":{"line":15,"column":0},"end":{"line":15,"column":86}},"15":{"start":{"line":16,"column":0},"end":{"line":16,"column":11}},"16":{"start":{"line":17,"column":0},"end":{"line":17,"column":85}},"17":{"start":{"line":18,"column":0},"end":{"line":18,"column":82}},"18":{"start":{"line":19,"column":0},"end":{"line":19,"column":12}},"19":{"start":{"line":20,"column":0},"end":{"line":20,"column":36}},"20":{"start":{"line":21,"column":0},"end":{"line":21,"column":10}},"21":{"start":{"line":22,"column":0},"end":{"line":22,"column":38}},"22":{"start":{"line":23,"column":0},"end":{"line":23,"column":14}},"23":{"start":{"line":24,"column":0},"end":{"line":24,"column":10}},"24":{"start":{"line":25,"column":0},"end":{"line":25,"column":8}}},"s":{"0":1,"13":1,"14":1,"15":1,"16":1,"17":1,"18":1,"19":1,"20":1,"21":1,"22":1,"23":1,"24":1},"branchMap":{"0":{"type":"branch","line":17,"loc":{"start":{"line":17,"column":77},"end":{"line":17,"column":85}},"locations":[{"start":{"line":17,"column":77},"end":{"line":17,"column":85}}]},"1":{"type":"branch","line":18,"loc":{"start":{"line":18,"column":17},"end":{"line":18,"column":82}},"locations":[{"start":{"line":18,"column":17},"end":{"line":18,"column":82}}]},"2":{"type":"branch","line":18,"loc":{"start":{"line":18,"column":75},"end":{"line":18,"column":82}},"locations":[{"start":{"line":18,"column":75},"end":{"line":18,"column":82}}]}},"b":{"0":[0],"1":[1],"2":[1]},"fnMap":{},"f":{}}
,"C:\\GIT_CJL\\convivium2\\frontend\\src\\components\\base\\BaseConfirmDialog.vue": {"path":"C:\\GIT_CJL\\convivium2\\frontend\\src\\components\\base\\BaseConfirmDialog.vue","all":false,"statementMap":{"0":{"start":{"line":1,"column":0},"end":{"line":1,"column":24}},"1":{"start":{"line":2,"column":0},"end":{"line":2,"column":39}},"2":{"start":{"line":3,"column":0},"end":{"line":3,"column":41}},"13":{"start":{"line":14,"column":0},"end":{"line":14,"column":50}},"19":{"start":{"line":20,"column":0},"end":{"line":20,"column":26}},"26":{"start":{"line":27,"column":0},"end":{"line":27,"column":87}},"27":{"start":{"line":28,"column":0},"end":{"line":28,"column":60}},"28":{"start":{"line":29,"column":0},"end":{"line":29,"column":22}},"29":{"start":{"line":30,"column":0},"end":{"line":30,"column":42}},"30":{"start":{"line":31,"column":0},"end":{"line":31,"column":99}},"31":{"start":{"line":32,"column":0},"end":{"line":32,"column":106}},"32":{"start":{"line":33,"column":0},"end":{"line":33,"column":33}},"33":{"start":{"line":34,"column":0},"end":{"line":34,"column":21}},"34":{"start":{"line":35,"column":0},"end":{"line":35,"column":12}},"36":{"start":{"line":37,"column":0},"end":{"line":37,"column":14}}},"s":{"0":1,"1":1,"2":1,"13":1,"19":1,"26":1,"27":1,"28":1,"29":1,"30":1,"31":1,"32":1,"33":1,"34":1,"36":1},"branchMap":{"0":{"type":"branch","line":27,"loc":{"start":{"line":27,"column":69},"end":{"line":27,"column":87}},"locations":[{"start":{"line":27,"column":69},"end":{"line":27,"column":87}}]},"1":{"type":"branch","line":31,"loc":{"start":{"line":31,"column":64},"end":{"line":31,"column":86}},"locations":[{"start":{"line":31,"column":64},"end":{"line":31,"column":86}}]},"2":{"type":"branch","line":32,"loc":{"start":{"line":32,"column":87},"end":{"line":32,"column":106}},"locations":[{"start":{"line":32,"column":87},"end":{"line":32,"column":106}}]},"3":{"type":"branch","line":33,"loc":{"start":{"line":33,"column":10},"end":{"line":33,"column":33}},"locations":[{"start":{"line":33,"column":10},"end":{"line":33,"column":33}}]},"4":{"type":"branch","line":28,"loc":{"start":{"line":28,"column":4},"end":{"line":28,"column":60}},"locations":[{"start":{"line":28,"column":4},"end":{"line":28,"column":60}}]}},"b":{"0":[1],"1":[4],"2":[1],"3":[4],"4":[4]},"fnMap":{"0":{"name":"__vite_ssr_import_3__.createBlock.onClose._cache.<computed>._cache.<computed>","decl":{"start":{"line":27,"column":69},"end":{"line":27,"column":87}},"loc":{"start":{"line":27,"column":69},"end":{"line":27,"column":87}},"line":27},"1":{"name":"__vite_ssr_import_3__.createElementVNode.__vite_ssr_import_3__.createVNode.onClick._cache.<computed>._cache.<computed>","decl":{"start":{"line":31,"column":46},"end":{"line":31,"column":64}},"loc":{"start":{"line":31,"column":46},"end":{"line":31,"column":64}},"line":31},"2":{"name":"__vite_ssr_import_3__.createElementVNode.__vite_ssr_import_3__.createVNode.onClick._cache.<computed>._cache.<computed>","decl":{"start":{"line":32,"column":87},"end":{"line":32,"column":106}},"loc":{"start":{"line":32,"column":87},"end":{"line":32,"column":106}},"line":32}},"f":{"0":1,"1":0,"2":1}}
,"C:\\GIT_CJL\\convivium2\\frontend\\src\\components\\base\\BaseEmptyState.vue": {"path":"C:\\GIT_CJL\\convivium2\\frontend\\src\\components\\base\\BaseEmptyState.vue","all":false,"statementMap":{"0":{"start":{"line":1,"column":0},"end":{"line":1,"column":24}},"11":{"start":{"line":12,"column":0},"end":{"line":12,"column":75}},"12":{"start":{"line":13,"column":0},"end":{"line":13,"column":100}},"13":{"start":{"line":14,"column":0},"end":{"line":14,"column":278}},"14":{"start":{"line":15,"column":0},"end":{"line":15,"column":10}},"15":{"start":{"line":16,"column":0},"end":{"line":16,"column":66}},"16":{"start":{"line":17,"column":0},"end":{"line":17,"column":82}},"17":{"start":{"line":18,"column":0},"end":{"line":18,"column":43}},"18":{"start":{"line":19,"column":0},"end":{"line":19,"column":28}},"19":{"start":{"line":20,"column":0},"end":{"line":20,"column":10}},"20":{"start":{"line":21,"column":0},"end":{"line":21,"column":8}}},"s":{"0":1,"11":1,"12":1,"13":1,"14":1,"15":1,"16":1,"17":1,"18":1,"19":1,"20":1},"branchMap":{"0":{"type":"branch","line":17,"loc":{"start":{"line":17,"column":13},"end":{"line":17,"column":82}},"locations":[{"start":{"line":17,"column":13},"end":{"line":17,"column":82}}]},"1":{"type":"branch","line":17,"loc":{"start":{"line":17,"column":75},"end":{"line":17,"column":82}},"locations":[{"start":{"line":17,"column":75},"end":{"line":17,"column":82}}]},"2":{"type":"branch","line":18,"loc":{"start":{"line":18,"column":22},"end":{"line":19,"column":28}},"locations":[{"start":{"line":18,"column":22},"end":{"line":19,"column":28}}]}},"b":{"0":[1],"1":[1],"2":[1]},"fnMap":{},"f":{}}
,"C:\\GIT_CJL\\convivium2\\frontend\\src\\components\\base\\BaseFileUpload.vue": {"path":"C:\\GIT_CJL\\convivium2\\frontend\\src\\components\\base\\BaseFileUpload.vue","all":false,"statementMap":{"0":{"start":{"line":1,"column":0},"end":{"line":1,"column":24}},"1":{"start":{"line":2,"column":0},"end":{"line":2,"column":25}},"10":{"start":{"line":11,"column":0},"end":{"line":11,"column":50}},"16":{"start":{"line":17,"column":0},"end":{"line":17,"column":26}},"20":{"start":{"line":21,"column":0},"end":{"line":21,"column":41}},"21":{"start":{"line":22,"column":0},"end":{"line":22,"column":29}},"22":{"start":{"line":23,"column":0},"end":{"line":23,"column":21}},"24":{"start":{"line":25,"column":0},"end":{"line":25,"column":49}},"25":{"start":{"line":26,"column":0},"end":{"line":26,"column":23}},"26":{"start":{"line":27,"column":0},"end":{"line":27,"column":18}},"27":{"start":{"line":28,"column":0},"end":{"line":28,"column":36}},"28":{"start":{"line":29,"column":0},"end":{"line":29,"column":48}},"29":{"start":{"line":30,"column":0},"end":{"line":30,"column":54}},"30":{"start":{"line":31,"column":0},"end":{"line":31,"column":18}},"31":{"start":{"line":32,"column":0},"end":{"line":32,"column":87}},"32":{"start":{"line":33,"column":0},"end":{"line":33,"column":10}},"33":{"start":{"line":34,"column":0},"end":{"line":34,"column":3}},"34":{"start":{"line":35,"column":0},"end":{"line":35,"column":31}},"35":{"start":{"line":36,"column":0},"end":{"line":36,"column":1}},"37":{"start":{"line":38,"column":0},"end":{"line":38,"column":31}},"38":{"start":{"line":39,"column":0},"end":{"line":39,"column":26}},"39":{"start":{"line":40,"column":0},"end":{"line":40,"column":44}},"40":{"start":{"line":41,"column":0},"end":{"line":41,"column":1}},"44":{"start":{"line":45,"column":0},"end":{"line":45,"column":7}},"45":{"start":{"line":46,"column":0},"end":{"line":46,"column":69}},"46":{"start":{"line":47,"column":0},"end":{"line":47,"column":8}},"47":{"start":{"line":48,"column":0},"end":{"line":48,"column":126}},"48":{"start":{"line":49,"column":0},"end":{"line":49,"column":104}},"49":{"start":{"line":50,"column":0},"end":{"line":50,"column":33}},"50":{"start":{"line":51,"column":0},"end":{"line":51,"column":43}},"51":{"start":{"line":52,"column":0},"end":{"line":52,"column":37}},"52":{"start":{"line":53,"column":0},"end":{"line":53,"column":28}},"54":{"start":{"line":55,"column":0},"end":{"line":55,"column":100}},"55":{"start":{"line":56,"column":0},"end":{"line":56,"column":170}},"56":{"start":{"line":57,"column":0},"end":{"line":57,"column":12}},"57":{"start":{"line":58,"column":0},"end":{"line":58,"column":74}},"58":{"start":{"line":59,"column":0},"end":{"line":59,"column":78}},"59":{"start":{"line":60,"column":0},"end":{"line":60,"column":10}},"60":{"start":{"line":61,"column":0},"end":{"line":61,"column":10}},"61":{"start":{"line":62,"column":0},"end":{"line":62,"column":21}},"62":{"start":{"line":63,"column":0},"end":{"line":63,"column":17}},"63":{"start":{"line":64,"column":0},"end":{"line":64,"column":20}},"64":{"start":{"line":65,"column":0},"end":{"line":65,"column":28}},"65":{"start":{"line":66,"column":0},"end":{"line":66,"column":32}},"66":{"start":{"line":67,"column":0},"end":{"line":67,"column":70}},"67":{"start":{"line":68,"column":0},"end":{"line":68,"column":6}},"68":{"start":{"line":69,"column":0},"end":{"line":69,"column":69}},"69":{"start":{"line":70,"column":0},"end":{"line":70,"column":8}}},"s":{"0":1,"1":1,"10":1,"16":1,"20":1,"21":1,"22":1,"24":1,"25":1,"26":1,"27":1,"28":1,"29":1,"30":1,"31":0,"32":0,"33":0,"34":1,"35":1,"37":0,"38":0,"39":0,"40":0,"44":1,"45":1,"46":1,"47":1,"48":1,"49":1,"50":1,"51":1,"52":1,"54":1,"55":1,"56":1,"57":1,"58":1,"59":1,"60":1,"61":1,"62":1,"63":1,"64":1,"65":1,"66":1,"67":1,"68":1,"69":1},"branchMap":{"0":{"type":"branch","line":25,"loc":{"start":{"line":25,"column":0},"end":{"line":36,"column":1}},"locations":[{"start":{"line":25,"column":0},"end":{"line":36,"column":1}}]},"1":{"type":"branch","line":26,"loc":{"start":{"line":26,"column":17},"end":{"line":26,"column":23}},"locations":[{"start":{"line":26,"column":17},"end":{"line":26,"column":23}}]},"2":{"type":"branch","line":31,"loc":{"start":{"line":31,"column":17},"end":{"line":34,"column":3}},"locations":[{"start":{"line":31,"column":17},"end":{"line":34,"column":3}}]},"3":{"type":"branch","line":30,"loc":{"start":{"line":30,"column":31},"end":{"line":30,"column":53}},"locations":[{"start":{"line":30,"column":31},"end":{"line":30,"column":53}}]},"4":{"type":"branch","line":46,"loc":{"start":{"line":46,"column":58},"end":{"line":46,"column":69}},"locations":[{"start":{"line":46,"column":58},"end":{"line":46,"column":69}}]},"5":{"type":"branch","line":69,"loc":{"start":{"line":69,"column":13},"end":{"line":69,"column":69}},"locations":[{"start":{"line":69,"column":13},"end":{"line":69,"column":69}}]},"6":{"type":"branch","line":67,"loc":{"start":{"line":67,"column":13},"end":{"line":67,"column":70}},"locations":[{"start":{"line":67,"column":13},"end":{"line":67,"column":70}}]}},"b":{"0":[1],"1":[0],"2":[0],"3":[1],"4":[2],"5":[0],"6":[1]},"fnMap":{"0":{"name":"handleFiles","decl":{"start":{"line":25,"column":0},"end":{"line":36,"column":1}},"loc":{"start":{"line":25,"column":0},"end":{"line":36,"column":1}},"line":25},"1":{"name":"onDrop","decl":{"start":{"line":38,"column":0},"end":{"line":41,"column":1}},"loc":{"start":{"line":38,"column":0},"end":{"line":41,"column":1}},"line":38},"2":{"name":"__vite_ssr_import_2__.createElementBlock.__vite_ssr_import_2__.createElementVNode.onClick._cache.<computed>._cache.<computed>","decl":{"start":{"line":50,"column":12},"end":{"line":50,"column":33}},"loc":{"start":{"line":50,"column":12},"end":{"line":50,"column":33}},"line":50},"3":{"name":"__vite_ssr_import_2__.createElementBlock.__vite_ssr_import_2__.createElementVNode.onDragleave._cache.<computed>._cache.<computed>","decl":{"start":{"line":52,"column":16},"end":{"line":52,"column":37}},"loc":{"start":{"line":52,"column":16},"end":{"line":52,"column":37}},"line":52},"4":{"name":"__vite_ssr_import_2__.createElementBlock.__vite_ssr_import_2__.createElementVNode.onChange._cache.<computed>._cache.<computed>","decl":{"start":{"line":67,"column":13},"end":{"line":67,"column":70}},"loc":{"start":{"line":67,"column":13},"end":{"line":67,"column":70}},"line":67}},"f":{"0":1,"1":0,"2":0,"3":0,"4":1}}
[...]
"type":"branch","line":43,"loc":{"start":{"line":43,"column":2},"end":{"line":44,"column":28}},"locations":[{"start":{"line":43,"column":2},"end":{"line":44,"column":28}}]},"10":{"type":"branch","line":44,"loc":{"start":{"line":44,"column":28},"end":{"line":48,"column":1}},"locations":[{"start":{"line":44,"column":28},"end":{"line":48,"column":1}}]},"11":{"type":"branch","line":50,"loc":{"start":{"line":50,"column":7},"end":{"line":99,"column":1}},"locations":[{"start":{"line":50,"column":7},"end":{"line":99,"column":1}}]},"12":{"type":"branch","line":62,"loc":{"start":{"line":62,"column":24},"end":{"line":64,"column":3}},"locations":[{"start":{"line":62,"column":24},"end":{"line":64,"column":3}}]},"13":{"type":"branch","line":64,"loc":{"start":{"line":64,"column":2},"end":{"line":65,"column":25}},"locations":[{"start":{"line":64,"column":2},"end":{"line":65,"column":25}}]},"14":{"type":"branch","line":65,"loc":{"start":{"line":65,"column":25},"end":{"line":67,"column":3}},"locations":[{"start":{"line":65,"column":25},"end":{"line":67,"column":3}}]},"15":{"type":"branch","line":67,"loc":{"start":{"line":67,"column":2},"end":{"line":68,"column":24}},"locations":[{"start":{"line":67,"column":2},"end":{"line":68,"column":24}}]},"16":{"type":"branch","line":68,"loc":{"start":{"line":68,"column":24},"end":{"line":70,"column":3}},"locations":[{"start":{"line":68,"column":24},"end":{"line":70,"column":3}}]},"17":{"type":"branch","line":70,"loc":{"start":{"line":70,"column":2},"end":{"line":71,"column":23}},"locations":[{"start":{"line":70,"column":2},"end":{"line":71,"column":23}}]},"18":{"type":"branch","line":71,"loc":{"start":{"line":71,"column":23},"end":{"line":73,"column":3}},"locations":[{"start":{"line":71,"column":23},"end":{"line":73,"column":3}}]},"19":{"type":"branch","line":73,"loc":{"start":{"line":73,"column":2},"end":{"line":74,"column":22}},"locations":[{"start":{"line":73,"column":2},"end":{"line":74,"column":22}}]},"20":{"type":"branch","line":74,"loc":{"start":{"line":74,"column":22},"end":{"line":76,"column":3}},"locations":[{"start":{"line":74,"column":22},"end":{"line":76,"column":3}}]},"21":{"type":"branch","line":76,"loc":{"start":{"line":76,"column":2},"end":{"line":77,"column":22}},"locations":[{"start":{"line":76,"column":2},"end":{"line":77,"column":22}}]},"22":{"type":"branch","line":77,"loc":{"start":{"line":77,"column":22},"end":{"line":79,"column":3}},"locations":[{"start":{"line":77,"column":22},"end":{"line":79,"column":3}}]},"23":{"type":"branch","line":79,"loc":{"start":{"line":79,"column":2},"end":{"line":80,"column":20}},"locations":[{"start":{"line":79,"column":2},"end":{"line":80,"column":20}}]},"24":{"type":"branch","line":80,"loc":{"start":{"line":80,"column":20},"end":{"line":82,"column":3}},"locations":[{"start":{"line":80,"column":20},"end":{"line":82,"column":3}}]},"25":{"type":"branch","line":82,"loc":{"start":{"line":82,"column":2},"end":{"line":83,"column":23}},"locations":[{"start":{"line":82,"column":2},"end":{"line":83,"column":23}}]},"26":{"type":"branch","line":83,"loc":{"start":{"line":83,"column":23},"end":{"line":85,"column":3}},"locations":[{"start":{"line":83,"column":23},"end":{"line":85,"column":3}}]},"27":{"type":"branch","line":85,"loc":{"start":{"line":85,"column":2},"end":{"line":86,"column":21}},"locations":[{"start":{"line":85,"column":2},"end":{"line":86,"column":21}}]},"28":{"type":"branch","line":86,"loc":{"start":{"line":86,"column":21},"end":{"line":88,"column":3}},"locations":[{"start":{"line":86,"column":21},"end":{"line":88,"column":3}}]},"29":{"type":"branch","line":88,"loc":{"start":{"line":88,"column":2},"end":{"line":89,"column":24}},"locations":[{"start":{"line":88,"column":2},"end":{"line":89,"column":24}}]},"30":{"type":"branch","line":89,"loc":{"start":{"line":89,"column":24},"end":{"line":91,"column":3}},"locations":[{"start":{"line":89,"column":24},"end":{"line":91,"column":3}}]},"31":{"type":"branch","line":91,"loc":{"start":{"line":91,"column":2},"end":{"line":92,"column":23}},"locations":[{"start":{"line":91,"column":2},"end":{"line":92,"column":23}}]},"32":{"type":"branch","line":92,"loc":{"start":{"line":92,"column":23},"end":{"line":97,"column":3}},"locations":[{"start":{"line":92,"column":23},"end":{"line":97,"column":3}}]},"33":{"type":"branch","line":97,"loc":{"start":{"line":97,"column":2},"end":{"line":99,"column":1}},"locations":[{"start":{"line":97,"column":2},"end":{"line":99,"column":1}}]}},"b":{"0":[2],"1":[1],"2":[1],"3":[2],"4":[1],"5":[2],"6":[1],"7":[3],"8":[1],"9":[2],"10":[1],"11":[7],"12":[1],"13":[6],"14":[0],"15":[6],"16":[1],"17":[5],"18":[0],"19":[5],"20":[1],"21":[4],"22":[0],"23":[4],"24":[1],"25":[3],"26":[1],"27":[2],"28":[0],"29":[2],"30":[0],"31":[2],"32":[1],"33":[0]},"fnMap":{"0":{"name":"formatCurrency","decl":{"start":{"line":1,"column":7},"end":{"line":7,"column":1}},"loc":{"start":{"line":1,"column":7},"end":{"line":7,"column":1}},"line":1},"1":{"name":"formatDate","decl":{"start":{"line":9,"column":7},"end":{"line":15,"column":1}},"loc":{"start":{"line":9,"column":7},"end":{"line":15,"column":1}},"line":9},"2":{"name":"formatDateTime","decl":{"start":{"line":17,"column":7},"end":{"line":25,"column":1}},"loc":{"start":{"line":17,"column":7},"end":{"line":25,"column":1}},"line":17},"3":{"name":"formatCPF","decl":{"start":{"line":27,"column":7},"end":{"line":31,"column":1}},"loc":{"start":{"line":27,"column":7},"end":{"line":31,"column":1}},"line":27},"4":{"name":"formatCNPJ","decl":{"start":{"line":33,"column":7},"end":{"line":37,"column":1}},"loc":{"start":{"line":33,"column":7},"end":{"line":37,"column":1}},"line":33},"5":{"name":"formatPhone","decl":{"start":{"line":39,"column":7},"end":{"line":48,"column":1}},"loc":{"start":{"line":39,"column":7},"end":{"line":48,"column":1}},"line":39},"6":{"name":"timeAgo","decl":{"start":{"line":50,"column":7},"end":{"line":99,"column":1}},"loc":{"start":{"line":50,"column":7},"end":{"line":99,"column":1}},"line":50}},"f":{"0":2,"1":1,"2":1,"3":2,"4":2,"5":3,"6":7}}
,"C:\\GIT_CJL\\convivium2\\frontend\\src\\utils\\validators.ts": {"path":"C:\\GIT_CJL\\convivium2\\frontend\\src\\utils\\validators.ts","all":false,"statementMap":{"0":{"start":{"line":1,"column":0},"end":{"line":1,"column":50}},"1":{"start":{"line":2,"column":0},"end":{"line":2,"column":39}},"3":{"start":{"line":4,"column":0},"end":{"line":4,"column":40}},"6":{"start":{"line":7,"column":0},"end":{"line":7,"column":47}},"9":{"start":{"line":10,"column":0},"end":{"line":10,"column":13}},"10":{"start":{"line":11,"column":0},"end":{"line":11,"column":31}},"11":{"start":{"line":12,"column":0},"end":{"line":12,"column":48}},"12":{"start":{"line":13,"column":0},"end":{"line":13,"column":3}},"13":{"start":{"line":14,"column":0},"end":{"line":14,"column":33}},"14":{"start":{"line":15,"column":0},"end":{"line":15,"column":37}},"15":{"start":{"line":16,"column":0},"end":{"line":16,"column":60}},"18":{"start":{"line":19,"column":0},"end":{"line":19,"column":9}},"19":{"start":{"line":20,"column":0},"end":{"line":20,"column":32}},"20":{"start":{"line":21,"column":0},"end":{"line":21,"column":48}},"21":{"start":{"line":22,"column":0},"end":{"line":22,"column":3}},"22":{"start":{"line":23,"column":0},"end":{"line":23,"column":29}},"23":{"start":{"line":24,"column":0},"end":{"line":24,"column":37}},"24":{"start":{"line":25,"column":0},"end":{"line":25,"column":61}},"26":{"start":{"line":27,"column":0},"end":{"line":27,"column":13}},"27":{"start":{"line":28,"column":0},"end":{"line":28,"column":1}},"29":{"start":{"line":30,"column":0},"end":{"line":30,"column":52}},"30":{"start":{"line":31,"column":0},"end":{"line":31,"column":40}},"32":{"start":{"line":33,"column":0},"end":{"line":33,"column":40}},"35":{"start":{"line":36,"column":0},"end":{"line":36,"column":47}},"38":{"start":{"line":39,"column":0},"end":{"line":39,"column":55}},"39":{"start":{"line":40,"column":0},"end":{"line":40,"column":13}},"40":{"start":{"line":41,"column":0},"end":{"line":41,"column":32}},"41":{"start":{"line":42,"column":0},"end":{"line":42,"column":51}},"42":{"start":{"line":43,"column":0},"end":{"line":43,"column":3}},"43":{"start":{"line":44,"column":0},"end":{"line":44,"column":26}},"44":{"start":{"line":45,"column":0},"end":{"line":45,"column":55}},"45":{"start":{"line":46,"column":0},"end":{"line":46,"column":62}},"48":{"start":{"line":49,"column":0},"end":{"line":49,"column":58}},"49":{"start":{"line":50,"column":0},"end":{"line":50,"column":9}},"50":{"start":{"line":51,"column":0},"end":{"line":51,"column":32}},"51":{"start":{"line":52,"column":0},"end":{"line":52,"column":51}},"52":{"start":{"line":53,"column":0},"end":{"line":53,"column":3}},"53":{"start":{"line":54,"column":0},"end":{"line":54,"column":22}},"54":{"start":{"line":55,"column":0},"end":{"line":55,"column":56}},"55":{"start":{"line":56,"column":0},"end":{"line":56,"column":63}},"57":{"start":{"line":58,"column":0},"end":{"line":58,"column":13}},"58":{"start":{"line":59,"column":0},"end":{"line":59,"column":1}},"60":{"start":{"line":61,"column":0},"end":{"line":61,"column":54}},"61":{"start":{"line":62,"column":0},"end":{"line":62,"column":49}},"62":{"start":{"line":63,"column":0},"end":{"line":63,"column":31}},"63":{"start":{"line":64,"column":0},"end":{"line":64,"column":1}},"65":{"start":{"line":66,"column":0},"end":{"line":66,"column":54}},"66":{"start":{"line":67,"column":0},"end":{"line":67,"column":41}},"67":{"start":{"line":68,"column":0},"end":{"line":68,"column":53}},"68":{"start":{"line":69,"column":0},"end":{"line":69,"column":1}},"70":{"start":{"line":71,"column":0},"end":{"line":71,"column":49}},"71":{"start":{"line":72,"column":0},"end":{"line":72,"column":57}},"72":{"start":{"line":73,"column":0},"end":{"line":73,"column":63}},"73":{"start":{"line":74,"column":0},"end":{"line":74,"column":51}},"74":{"start":{"line":75,"column":0},"end":{"line":75,"column":13}},"75":{"start":{"line":76,"column":0},"end":{"line":76,"column":1}},"77":{"start":{"line":78,"column":0},"end":{"line":78,"column":64}},"78":{"start":{"line":79,"column":0},"end":{"line":79,"column":28}},"79":{"start":{"line":80,"column":0},"end":{"line":80,"column":1}}},"s":{"0":1,"1":7,"3":7,"6":7,"9":3,"10":7,"11":27,"12":27,"13":3,"14":7,"15":7,"18":3,"19":7,"20":30,"21":30,"22":3,"23":7,"24":7,"26":2,"27":2,"29":1,"30":5,"32":5,"35":5,"38":2,"39":2,"40":5,"41":24,"42":24,"43":2,"44":5,"45":5,"48":2,"49":2,"50":5,"51":26,"52":26,"53":2,"54":5,"55":5,"57":2,"58":2,"60":1,"61":5,"62":5,"63":5,"65":1,"66":5,"67":5,"68":5,"70":1,"71":8,"72":8,"73":8,"74":1,"75":1,"77":1,"78":3,"79":3},"branchMap":{"0":{"type":"branch","line":1,"loc":{"start":{"line":1,"column":7},"end":{"line":28,"column":1}},"locations":[{"start":{"line":1,"column":7},"end":{"line":28,"column":1}}]},"1":{"type":"branch","line":4,"loc":{"start":{"line":4,"column":28},"end":{"line":4,"column":40}},"locations":[{"start":{"line":4,"column":28},"end":{"line":4,"column":40}}]},"2":{"type":"branch","line":4,"loc":{"start":{"line":4,"column":35},"end":{"line":7,"column":42}},"locations":[{"start":{"line":4,"column":35},"end":{"line":7,"column":42}}]},"3":{"type":"branch","line":7,"loc":{"start":{"line":7,"column":35},"end":{"line":7,"column":47}},"locations":[{"start":{"line":7,"column":35},"end":{"line":7,"column":47}}]},"4":{"type":"branch","line":7,"loc":{"start":{"line":7,"column":42},"end":{"line":11,"column":30}},"locations":[{"start":{"line":7,"column":42},"end":{"line":11,"column":30}}]},"5":{"type":"branch","line":11,"loc":{"start":{"line":11,"column":30},"end":{"line":13,"column":3}},"locations":[{"start":{"line":11,"column":30},"end":{"line":13,"column":3}}]},"6":{"type":"branch","line":13,"loc":{"start":{"line":13,"column":2},"end":{"line":15,"column":36}},"locations":[{"start":{"line":13,"column":2},"end":{"line":15,"column":36}}]},"7":{"type":"branch","line":15,"loc":{"start":{"line":15,"column":24},"end":{"line":15,"column":37}},"locations":[{"start":{"line":15,"column":24},"end":{"line":15,"column":37}}]},"8":{"type":"branch","line":15,"loc":{"start":{"line":15,"column":36},"end":{"line":16,"column":55}},"locations":[{"start":{"line":15,"column":36},"end":{"line":16,"column":55}}]},"9":{"type":"branch","line":16,"loc":{"start":{"line":16,"column":48},"end":{"line":16,"column":60}},"locations":[{"start":{"line":16,"column":48},"end":{"line":16,"column":60}}]},"10":{"type":"branch","line":16,"loc":{"start":{"line":16,"column":55},"end":{"line":20,"column":31}},"locations":[{"start":{"line":16,"column":55},"end":{"line":20,"column":31}}]},"11":{"type":"branch","line":20,"loc":{"start":{"line":20,"column":31},"end":{"line":22,"column":3}},"locations":[{"start":{"line":20,"column":31},"end":{"line":22,"column":3}}]},"12":{"type":"branch","line":22,"loc":{"start":{"line":22,"column":2},"end":{"line":24,"column":36}},"locations":[{"start":{"line":22,"column":2},"end":{"line":24,"column":36}}]},"13":{"type":"branch","line":24,"loc":{"start":{"line":24,"column":24},"end":{"line":24,"column":37}},"locations":[{"start":{"line":24,"column":24},"end":{"line":24,"column":37}}]},"14":{"type":"branch","line":24,"loc":{"start":{"line":24,"column":36},"end":{"line":25,"column":56}},"locations":[{"start":{"line":24,"column":36},"end":{"line":25,"column":56}}]},"15":{"type":"branch","line":25,"loc":{"start":{"line":25,"column":49},"end":{"line":25,"column":61}},"locations":[{"start":{"line":25,"column":49},"end":{"line":25,"column":61}}]},"16":{"type":"branch","line":25,"loc":{"start":{"line":25,"column":56},"end":{"line":28,"column":1}},"locations":[{"start":{"line":25,"column":56},"end":{"line":28,"column":1}}]},"17":{"type":"branch","line":30,"loc":{"start":{"line":30,"column":7},"end":{"line":59,"column":1}},"locations":[{"start":{"line":30,"column":7},"end":{"line":59,"column":1}}]},"18":{"type":"branch","line":33,"loc":{"start":{"line":33,"column":28},"end":{"line":33,"column":40}},"locations":[{"start":{"line":33,"column":28},"end":{"line":33,"column":40}}]},"19":{"type":"branch","line":33,"loc":{"start":{"line":33,"column":35},"end":{"line":36,"column":42}},"locations":[{"start":{"line":33,"column":35},"end":{"line":36,"column":42}}]},"20":{"type":"branch","line":36,"loc":{"start":{"line":36,"column":35},"end":{"line":41,"column":31}},"locations":[{"start":{"line":36,"column":35},"end":{"line":41,"column":31}}]},"21":{"type":"branch","line":41,"loc":{"start":{"line":41,"column":31},"end":{"line":43,"column":3}},"locations":[{"start":{"line":41,"column":31},"end":{"line":43,"column":3}}]},"22":{"type":"branch","line":43,"loc":{"start":{"line":43,"column":2},"end":{"line":45,"column":37}},"locations":[{"start":{"line":43,"column":2},"end":{"line":45,"column":37}}]},"23":{"type":"branch","line":45,"loc":{"start":{"line":45,"column":33},"end":{"line":45,"column":41}},"locations":[{"start":{"line":45,"column":33},"end":{"line":45,"column":41}}]},"24":{"type":"branch","line":45,"loc":{"start":{"line":45,"column":37},"end":{"line":45,"column":55}},"locations":[{"start":{"line":45,"column":37},"end":{"line":45,"column":55}}]},"25":{"type":"branch","line":46,"loc":{"start":{"line":46,"column":50},"end":{"line":46,"column":62}},"locations":[{"start":{"line":46,"column":50},"end":{"line":46,"column":62}}]},"26":{"type":"branch","line":46,"loc":{"start":{"line":46,"column":57},"end":{"line":51,"column":31}},"locations":[{"start":{"line":46,"column":57},"end":{"line":51,"column":31}}]},"27":{"type":"branch","line":51,"loc":{"start":{"line":51,"column":31},"end":{"line":53,"column":3}},"locations":[{"start":{"line":51,"column":31},"end":{"line":53,"column":3}}]},"28":{"type":"branch","line":53,"loc":{"start":{"line":53,"column":2},"end":{"line":55,"column":38}},"locations":[{"start":{"line":53,"column":2},"end":{"line":55,"column":38}}]},"29":{"type":"branch","line":55,"loc":{"start":{"line":55,"column":34},"end":{"line":55,"column":42}},"locations":[{"start":{"line":55,"column":34},"end":{"line":55,"column":42}}]},"30":{"type":"branch","line":55,"loc":{"start":{"line":55,"column":38},"end":{"line":55,"column":56}},"locations":[{"start":{"line":55,"column":38},"end":{"line":55,"column":56}}]},"31":{"type":"branch","line":56,"loc":{"start":{"line":56,"column":51},"end":{"line":56,"column":63}},"locations":[{"start":{"line":56,"column":51},"end":{"line":56,"column":63}}]},"32":{"type":"branch","line":56,"loc":{"start":{"line":56,"column":58},"end":{"line":59,"column":1}},"locations":[{"start":{"line":56,"column":58},"end":{"line":59,"column":1}}]},"33":{"type":"branch","line":61,"loc":{"start":{"line":61,"column":7},"end":{"line":64,"column":1}},"locations":[{"start":{"line":61,"column":7},"end":{"line":64,"column":1}}]},"34":{"type":"branch","line":66,"loc":{"start":{"line":66,"column":7},"end":{"line":69,"column":1}},"locations":[{"start":{"line":66,"column":7},"end":{"line":69,"column":1}}]},"35":{"type":"branch","line":68,"loc":{"start":{"line":68,"column":27},"end":{"line":68,"column":53}},"locations":[{"start":{"line":68,"column":27},"end":{"line":68,"column":53}}]},"36":{"type":"branch","line":71,"loc":{"start":{"line":71,"column":7},"end":{"line":76,"column":1}},"locations":[{"start":{"line":71,"column":7},"end":{"line":76,"column":1}}]},"37":{"type":"branch","line":72,"loc":{"start":{"line":72,"column":16},"end":{"line":72,"column":45}},"locations":[{"start":{"line":72,"column":16},"end":{"line":72,"column":45}}]},"38":{"type":"branch","line":72,"loc":{"start":{"line":72,"column":45},"end":{"line":72,"column":57}},"locations":[{"start":{"line":72,"column":45},"end":{"line":72,"column":57}}]},"39":{"type":"branch","line":72,"loc":{"start":{"line":72,"column":52},"end":{"line":73,"column":40}},"locations":[{"start":{"line":72,"column":52},"end":{"line":73,"column":40}}]},"40":{"type":"branch","line":73,"loc":{"start":{"line":73,"column":33},"end":{"line":74,"column":35}},"locations":[{"start":{"line":73,"column":33},"end":{"line":74,"column":35}}]},"41":{"type":"branch","line":74,"loc":{"start":{"line":74,"column":28},"end":{"line":74,"column":51}},"locations":[{"start":{"line":74,"column":28},"end":{"line":74,"column":51}}]},"42":{"type":"branch","line":74,"loc":{"start":{"line":74,"column":50},"end":{"line":76,"column":1}},"locations":[{"start":{"line":74,"column":50},"end":{"line":76,"column":1}}]},"43":{"type":"branch","line":78,"loc":{"start":{"line":78,"column":7},"end":{"line":80,"column":1}},"locations":[{"start":{"line":78,"column":7},"end":{"line":80,"column":1}}]}},"b":{"0":[7],"1":[2],"2":[5],"3":[2],"4":[3],"5":[27],"6":[3],"7":[1],"8":[3],"9":[0],"10":[3],"11":[30],"12":[3],"13":[0],"14":[3],"15":[1],"16":[2],"17":[5],"18":[1],"19":[4],"20":[2],"21":[24],"22":[2],"23":[0],"24":[2],"25":[0],"26":[2],"27":[26],"28":[2],"29":[0],"30":[2],"31":[0],"32":[2],"33":[5],"34":[5],"35":[4],"36":[8],"37":[7],"38":[2],"39":[6],"40":[3],"41":[2],"42":[1],"43":[3]},"fnMap":{"0":{"name":"isValidCPF","decl":{"start":{"line":1,"column":7},"end":{"line":28,"column":1}},"loc":{"start":{"line":1,"column":7},"end":{"line":28,"column":1}},"line":1},"1":{"name":"isValidCNPJ","decl":{"start":{"line":30,"column":7},"end":{"line":59,"column":1}},"loc":{"start":{"line":30,"column":7},"end":{"line":59,"column":1}},"line":30},"2":{"name":"isValidEmail","decl":{"start":{"line":61,"column":7},"end":{"line":64,"column":1}},"loc":{"start":{"line":61,"column":7},"end":{"line":64,"column":1}},"line":61},"3":{"name":"isValidPhone","decl":{"start":{"line":66,"column":7},"end":{"line":69,"column":1}},"loc":{"start":{"line":66,"column":7},"end":{"line":69,"column":1}},"line":66},"4":{"name":"isRequired","decl":{"start":{"line":71,"column":7},"end":{"line":76,"column":1}},"loc":{"start":{"line":71,"column":7},"end":{"line":76,"column":1}},"line":71},"5":{"name":"minLength","decl":{"start":{"line":78,"column":7},"end":{"line":80,"column":1}},"loc":{"start":{"line":78,"column":7},"end":{"line":80,"column":1}},"line":78}},"f":{"0":7,"1":5,"2":5,"3":5,"4":8,"5":3}}
}
