TN:
SF:src\api\index.ts
FN:1,(empty-report)
FNF:1
FNH:0
FNDA:0,(empty-report)
DA:1,0
LF:1
LH:0
BRDA:1,0,0,0
BRF:1
BRH:0
end_of_record
TN:
SF:src\api\modules\auth.api.ts
FN:11,login
FN:16,register
FN:21,refreshToken
FN:28,forgotPassword
FN:33,resetPassword
FN:38,getMe
FN:48,updateMyProfile
FN:66,listCondominiumsForRegistration
FN:71,listUnitsForRegistration
FN:89,googleLogin
FN:108,checkPendingRegistration
FN:118,registerGoogle
FNF:12
FNH:11
FNDA:1,login
FNDA:1,register
FNDA:1,refreshToken
FNDA:1,forgotPassword
FNDA:1,resetPassword
FNDA:1,getMe
FNDA:1,updateMyProfile
FNDA:1,listCondominiumsForRegistration
FNDA:1,listUnitsForRegistration
FNDA:1,googleLogin
FNDA:0,checkPendingRegistration
FNDA:1,registerGoogle
DA:1,1
DA:11,1
DA:12,1
DA:13,1
DA:14,1
DA:16,1
DA:17,1
DA:18,1
DA:19,1
DA:21,1
DA:22,1
DA:23,1
DA:24,1
DA:25,1
DA:26,1
DA:28,1
DA:29,1
DA:30,1
DA:31,1
DA:33,1
DA:34,1
DA:35,1
DA:36,1
DA:38,1
DA:39,1
DA:40,1
DA:41,1
DA:48,1
DA:49,1
DA:50,1
DA:51,1
DA:52,1
DA:53,1
DA:66,1
DA:67,1
DA:68,1
DA:69,1
DA:71,1
DA:72,1
DA:73,1
DA:74,1
DA:75,1
DA:76,1
DA:89,1
DA:90,1
DA:91,1
DA:92,1
DA:93,1
DA:94,1
DA:108,0
DA:110,0
DA:111,0
DA:112,0
DA:113,0
DA:114,0
DA:115,0
DA:116,0
DA:118,1
DA:123,1
DA:124,1
DA:125,1
DA:126,1
DA:127,1
DA:128,1
DA:129,1
LF:65
LH:57
BRDA:11,0,0,1
BRDA:16,1,0,1
BRDA:21,2,0,1
BRDA:28,3,0,1
BRDA:33,4,0,1
BRDA:38,5,0,1
BRDA:48,6,0,1
BRDA:66,7,0,1
BRDA:71,8,0,1
BRDA:89,9,0,1
BRDA:118,10,0,1
BRF:11
BRH:11
end_of_record
TN:
SF:src\api\modules\complaint.api.ts
FN:12,listComplaints
FN:23,createComplaint
FN:34,getComplaint
FN:44,addResponse
FN:56,updateStatus
FN:68,getMyComplaints
FNF:6
FNH:5
FNDA:1,listComplaints
FNDA:1,createComplaint
FNDA:1,getComplaint
FNDA:1,addResponse
FNDA:1,updateStatus
FNDA:0,getMyComplaints
DA:1,1
DA:12,1
DA:13,1
DA:14,1
DA:15,1
DA:16,1
DA:17,1
DA:18,1
DA:19,1
DA:20,1
DA:21,1
DA:23,1
DA:24,1
DA:25,1
DA:26,1
DA:27,1
DA:28,1
DA:29,1
DA:30,1
DA:31,1
DA:32,1
DA:34,1
DA:35,1
DA:36,1
DA:37,1
DA:38,1
DA:39,1
DA:40,1
DA:41,1
DA:42,1
DA:44,1
DA:45,1
DA:46,1
DA:47,1
DA:48,1
DA:49,1
DA:50,1
DA:51,1
DA:52,1
DA:53,1
DA:54,1
DA:56,1
DA:57,1
DA:58,1
DA:59,1
DA:60,1
DA:61,1
DA:62,1
DA:63,1
DA:64,1
DA:65,1
DA:66,1
DA:68,0
DA:69,0
DA:70,0
DA:71,0
DA:72,0
DA:73,0
DA:74,0
DA:75,0
DA:76,0
DA:77,0
LF:62
LH:52
BRDA:12,0,0,1
BRDA:23,1,0,1
BRDA:34,2,0,1
BRDA:44,3,0,1
BRDA:56,4,0,1
BRF:5
BRH:5
end_of_record
TN:
SF:src\api\modules\condominium.api.ts
FN:17,listCondominiums
FN:26,createCondominium
FN:33,getCondominium
FN:39,getCondominiumSummary
FN:44,updateCondominium
FN:52,deleteCondominium
FN:57,updateCondominiumStatus
FN:67,setCondominiumPlan
FN:78,listPlans
FN:85,listBuildings
FN:92,createBuilding
FN:103,deleteBuilding
FN:113,listUnits
FN:118,createUnit
FN:129,deleteUnit
FN:170,previewStructure
FN:181,applyStructure
FN:192,generateStructure
FNF:18
FNH:5
FNDA:1,listCondominiums
FNDA:1,createCondominium
FNDA:0,getCondominium
FNDA:1,getCondominiumSummary
FNDA:0,updateCondominium
FNDA:1,deleteCondominium
FNDA:0,updateCondominiumStatus
FNDA:0,setCondominiumPlan
FNDA:1,listPlans
FNDA:0,listBuildings
FNDA:0,createBuilding
FNDA:0,deleteBuilding
FNDA:0,listUnits
FNDA:0,createUnit
FNDA:0,deleteUnit
FNDA:0,previewStructure
FNDA:0,applyStructure
FNDA:0,generateStructure
DA:1,1
DA:17,1
DA:18,1
DA:19,1
DA:20,1
DA:21,1
DA:22,1
DA:23,1
DA:24,1
DA:26,1
DA:27,1
DA:28,1
DA:29,1
DA:30,1
DA:31,1
DA:33,0
DA:34,0
DA:35,0
DA:36,0
DA:39,1
DA:40,1
DA:41,1
DA:42,1
DA:44,0
DA:45,0
DA:46,0
DA:47,0
DA:48,0
DA:49,0
DA:50,0
DA:52,1
DA:53,1
DA:54,1
DA:55,1
DA:57,0
DA:58,0
DA:59,0
DA:60,0
DA:61,0
DA:62,0
DA:63,0
DA:64,0
DA:65,0
DA:67,0
DA:68,0
DA:69,0
DA:70,0
DA:71,0
DA:72,0
DA:73,0
DA:74,0
DA:75,0
DA:76,0
DA:78,1
DA:79,1
DA:80,1
DA:81,1
DA:85,0
DA:86,0
DA:87,0
DA:88,0
DA:89,0
DA:90,0
DA:92,0
DA:93,0
DA:94,0
DA:95,0
DA:96,0
DA:97,0
DA:98,0
DA:99,0
DA:100,0
DA:101,0
DA:103,0
DA:104,0
DA:105,0
DA:106,0
DA:107,0
DA:108,0
DA:109,0
DA:110,0
DA:111,0
DA:113,0
DA:114,0
DA:115,0
DA:116,0
DA:118,0
DA:119,0
DA:120,0
DA:121,0
DA:122,0
DA:123,0
DA:124,0
DA:125,0
DA:126,0
DA:127,0
DA:129,0
DA:130,0
DA:131,0
DA:132,0
DA:133,0
DA:134,0
DA:135,0
DA:136,0
DA:137,0
DA:170,0
DA:171,0
DA:172,0
DA:173,0
DA:174,0
DA:175,0
DA:176,0
DA:177,0
DA:178,0
DA:179,0
DA:181,0
DA:182,0
DA:183,0
DA:184,0
DA:185,0
DA:186,0
DA:187,0
DA:188,0
DA:189,0
DA:190,0
DA:192,0
DA:193,0
DA:194,0
DA:195,0
DA:196,0
DA:197,0
DA:198,0
DA:199,0
DA:200,0
DA:201,0
LF:135
LH:27
BRDA:17,0,0,1
BRDA:26,1,0,1
BRDA:39,2,0,1
BRDA:52,3,0,1
BRDA:78,4,0,1
BRF:5
BRH:5
end_of_record
TN:
SF:src\api\modules\dashboard.api.ts
FN:20,getDashboardStats
FN:29,getUnitActivity
FNF:2
FNH:2
FNDA:1,getDashboardStats
FNDA:1,getUnitActivity
DA:1,1
DA:20,1
DA:21,1
DA:22,1
DA:23,1
DA:24,1
DA:25,1
DA:26,1
DA:27,1
DA:29,1
DA:30,1
DA:31,1
DA:32,1
DA:33,1
DA:34,1
DA:35,1
DA:36,1
DA:37,1
DA:38,1
DA:39,1
LF:20
LH:20
BRDA:20,0,0,1
BRDA:29,1,0,1
BRF:2
BRH:2
end_of_record
TN:
SF:src\api\modules\notification.api.ts
FN:10,getNotifications
FN:20,markAsRead
FN:25,markAllAsRead
FN:30,getUnreadCount
FN:37,getPreferences
FN:44,updatePreferences
FNF:6
FNH:4
FNDA:1,getNotifications
FNDA:1,markAsRead
FNDA:1,markAllAsRead
FNDA:1,getUnreadCount
FNDA:0,getPreferences
FNDA:0,updatePreferences
DA:1,1
DA:10,1
DA:11,1
DA:12,1
DA:13,1
DA:14,1
DA:15,1
DA:16,1
DA:17,1
DA:18,1
DA:20,1
DA:21,1
DA:22,1
DA:23,1
DA:25,1
DA:26,1
DA:27,1
DA:28,1
DA:30,1
DA:31,1
DA:32,1
DA:33,1
DA:34,1
DA:35,1
DA:37,0
DA:38,0
DA:39,0
DA:40,0
DA:41,0
DA:42,0
DA:44,0
DA:45,0
DA:46,0
DA:47,0
DA:48,0
DA:49,0
LF:36
LH:24
BRDA:10,0,0,1
BRDA:20,1,0,1
BRDA:25,2,0,1
BRDA:30,3,0,1
BRF:4
BRH:4
end_of_record
TN:
SF:src\api\modules\parcel.api.ts
FN:12,listParcels
FN:23,createParcel
FN:34,getParcel
FN:44,uploadPhoto
FN:66,generateCode
FN:76,verifyPickup
FN:88,getMyParcels
FNF:7
FNH:3
FNDA:1,listParcels
FNDA:1,createParcel
FNDA:1,getParcel
FNDA:0,uploadPhoto
FNDA:0,generateCode
FNDA:0,verifyPickup
FNDA:0,getMyParcels
DA:1,1
DA:12,1
DA:13,1
DA:14,1
DA:15,1
DA:16,1
DA:17,1
DA:18,1
DA:19,1
DA:20,1
DA:21,1
DA:23,1
DA:24,1
DA:25,1
DA:26,1
DA:27,1
DA:28,1
DA:29,1
DA:30,1
DA:31,1
DA:32,1
DA:34,1
DA:35,1
DA:36,1
DA:37,1
DA:38,1
DA:39,1
DA:40,1
DA:41,1
DA:42,1
DA:44,0
DA:45,0
DA:46,0
DA:47,0
DA:48,0
DA:49,0
DA:50,0
DA:51,0
DA:52,0
DA:54,0
DA:55,0
DA:56,0
DA:57,0
DA:58,0
DA:59,0
DA:60,0
DA:61,0
DA:62,0
DA:63,0
DA:64,0
DA:66,0
DA:67,0
DA:68,0
DA:69,0
DA:70,0
DA:72,0
DA:73,0
DA:74,0
DA:76,0
DA:77,0
DA:78,0
DA:79,0
DA:80,0
DA:81,0
DA:82,0
DA:83,0
DA:84,0
DA:85,0
DA:86,0
DA:88,0
DA:89,0
DA:90,0
DA:91,0
DA:92,0
DA:93,0
DA:94,0
DA:95,0
DA:96,0
DA:97,0
LF:79
LH:30
BRDA:12,0,0,1
BRDA:23,1,0,1
BRDA:34,2,0,1
BRF:3
BRH:3
end_of_record
TN:
SF:src\api\modules\payment.api.ts
FN:14,createCheckoutSession
FN:25,listInvoices
FNF:2
FNH:2
FNDA:2,createCheckoutSession
FNDA:1,listInvoices
DA:1,1
DA:14,2
DA:15,2
DA:16,2
DA:17,2
DA:18,2
DA:19,2
DA:20,2
DA:21,2
DA:22,2
DA:23,2
DA:25,1
DA:26,1
DA:27,1
DA:28,1
DA:29,1
DA:30,1
DA:31,1
DA:32,1
LF:19
LH:19
BRDA:14,0,0,2
BRDA:20,1,0,1
BRDA:20,2,0,1
BRDA:25,3,0,1
BRF:4
BRH:4
end_of_record
TN:
SF:src\api\modules\user.api.ts
FN:12,listUsers
FN:23,createUser
FN:34,getUser
FN:44,updateUser
FN:56,deleteUser
FN:66,getPendingApprovals
FN:73,approveUser
FN:85,rejectUser
FN:97,listAllUsers
FNF:9
FNH:5
FNDA:1,listUsers
FNDA:1,createUser
FNDA:1,getUser
FNDA:1,updateUser
FNDA:1,deleteUser
FNDA:0,getPendingApprovals
FNDA:0,approveUser
FNDA:0,rejectUser
FNDA:0,listAllUsers
DA:1,1
DA:12,1
DA:13,1
DA:14,1
DA:15,1
DA:16,1
DA:17,1
DA:18,1
DA:19,1
DA:20,1
DA:21,1
DA:23,1
DA:24,1
DA:25,1
DA:26,1
DA:27,1
DA:28,1
DA:29,1
DA:30,1
DA:31,1
DA:32,1
DA:34,1
DA:35,1
DA:36,1
DA:37,1
DA:38,1
DA:39,1
DA:40,1
DA:41,1
DA:42,1
DA:44,1
DA:45,1
DA:46,1
DA:47,1
DA:48,1
DA:49,1
DA:50,1
DA:51,1
DA:52,1
DA:53,1
DA:54,1
DA:56,1
DA:57,1
DA:58,1
DA:59,1
DA:60,1
DA:61,1
DA:62,1
DA:63,1
DA:64,1
DA:66,0
DA:67,0
DA:68,0
DA:69,0
DA:70,0
DA:71,0
DA:73,0
DA:74,0
DA:75,0
DA:76,0
DA:77,0
DA:78,0
DA:79,0
DA:80,0
DA:81,0
DA:82,0
DA:83,0
DA:85,0
DA:86,0
DA:87,0
DA:88,0
DA:89,0
DA:90,0
DA:91,0
DA:92,0
DA:93,0
DA:97,0
DA:98,0
DA:99,0
DA:100,0
DA:101,0
DA:102,0
DA:103,0
DA:104,0
DA:105,0
LF:85
LH:50
BRDA:12,0,0,1
BRDA:23,1,0,1
BRDA:34,2,0,1
BRDA:44,3,0,1
BRDA:56,4,0,1
BRF:5
BRH:5
end_of_record
TN:
SF:src\components\base\BaseAlert.vue
FN:33,__vite_ssr_import_1__.createElementBlock.__vite_ssr_import_1__.createElementVNode.$setup.props.dismissible.__vite_ssr_import_1__.createElementBlock.onClick._cache.<computed>._cache.<computed>
FNF:1
FNH:1
FNDA:1,__vite_ssr_import_1__.createElementBlock.__vite_ssr_import_1__.createElementVNode.$setup.props.dismissible.__vite_ssr_import_1__.createElementBlock.onClick._cache.<computed>._cache.<computed>
DA:1,1
DA:7,1
DA:12,1
DA:16,1
DA:17,1
DA:18,1
DA:19,1
DA:20,1
DA:21,1
DA:25,1
DA:26,1
DA:27,1
DA:28,1
DA:29,1
DA:30,1
DA:31,1
DA:32,1
DA:33,1
DA:35,1
DA:36,1
DA:37,1
DA:38,1
DA:39,1
DA:40,1
LF:24
LH:24
BRDA:33,0,0,1
BRF:1
BRH:1
end_of_record
TN:
SF:src\components\base\BaseBadge.vue
FNF:0
FNH:0
DA:1,1
DA:6,1
DA:10,1
DA:11,1
DA:12,1
DA:13,1
DA:14,1
DA:15,1
DA:16,1
DA:20,1
DA:21,1
DA:22,1
DA:24,1
DA:25,1
LF:14
LH:14
BRF:0
BRH:0
end_of_record
TN:
SF:src\components\base\BaseButton.vue
FNF:0
FNH:0
DA:1,1
DA:10,1
DA:18,1
DA:19,1
DA:20,1
DA:21,1
DA:22,1
DA:23,1
DA:25,1
DA:26,1
DA:27,1
DA:28,1
DA:29,1
DA:33,1
DA:34,1
DA:35,1
DA:36,1
DA:37,1
DA:39,1
DA:40,1
DA:41,1
DA:42,1
DA:43,1
DA:44,1
DA:46,1
DA:47,1
DA:48,1
DA:49,1
DA:50,1
LF:29
LH:29
BRDA:35,0,0,22
BRF:1
BRH:1
end_of_record
TN:
SF:src\components\base\BaseCard.vue
FNF:0
FNH:0
DA:1,1
DA:14,1
DA:15,1
DA:16,1
DA:17,1
DA:18,1
DA:19,1
DA:20,1
DA:21,1
DA:22,1
DA:23,1
DA:24,1
DA:25,1
LF:13
LH:13
BRDA:17,0,0,0
BRDA:18,1,0,1
BRDA:18,2,0,1
BRF:3
BRH:2
end_of_record
TN:
SF:src\components\base\BaseConfirmDialog.vue
FN:27,__vite_ssr_import_3__.createBlock.onClose._cache.<computed>._cache.<computed>
FN:31,__vite_ssr_import_3__.createElementVNode.__vite_ssr_import_3__.createVNode.onClick._cache.<computed>._cache.<computed>
FN:32,__vite_ssr_import_3__.createElementVNode.__vite_ssr_import_3__.createVNode.onClick._cache.<computed>._cache.<computed>
FNF:3
FNH:2
FNDA:1,__vite_ssr_import_3__.createBlock.onClose._cache.<computed>._cache.<computed>
FNDA:0,__vite_ssr_import_3__.createElementVNode.__vite_ssr_import_3__.createVNode.onClick._cache.<computed>._cache.<computed>
FNDA:1,__vite_ssr_import_3__.createElementVNode.__vite_ssr_import_3__.createVNode.onClick._cache.<computed>._cache.<computed>
DA:1,1
DA:2,1
DA:3,1
DA:14,1
DA:20,1
DA:27,1
DA:28,1
DA:29,1
DA:30,1
DA:31,1
DA:32,1
DA:33,1
DA:34,1
DA:35,1
DA:37,1
LF:15
LH:15
BRDA:27,0,0,1
BRDA:31,1,0,4
BRDA:32,2,0,1
BRDA:33,3,0,4
BRDA:28,4,0,4
BRF:5
BRH:5
end_of_record
TN:
SF:src\components\base\BaseEmptyState.vue
FNF:0
FNH:0
DA:1,1
DA:12,1
DA:13,1
DA:14,1
DA:15,1
DA:16,1
DA:17,1
DA:18,1
DA:19,1
DA:20,1
DA:21,1
LF:11
LH:11
BRDA:17,0,0,1
BRDA:17,1,0,1
BRDA:18,2,0,1
BRF:3
BRH:3
end_of_record
TN:
SF:src\components\base\BaseFileUpload.vue
FN:25,handleFiles
FN:38,onDrop
FN:50,__vite_ssr_import_2__.createElementBlock.__vite_ssr_import_2__.createElementVNode.onClick._cache.<computed>._cache.<computed>
FN:52,__vite_ssr_import_2__.createElementBlock.__vite_ssr_import_2__.createElementVNode.onDragleave._cache.<computed>._cache.<computed>
FN:67,__vite_ssr_import_2__.createElementBlock.__vite_ssr_import_2__.createElementVNode.onChange._cache.<computed>._cache.<computed>
FNF:5
FNH:2
FNDA:1,handleFiles
FNDA:0,onDrop
FNDA:0,__vite_ssr_import_2__.createElementBlock.__vite_ssr_import_2__.createElementVNode.onClick._cache.<computed>._cache.<computed>
FNDA:0,__vite_ssr_import_2__.createElementBlock.__vite_ssr_import_2__.createElementVNode.onDragleave._cache.<computed>._cache.<computed>
FNDA:1,__vite_ssr_import_2__.createElementBlock.__vite_ssr_import_2__.createElementVNode.onChange._cache.<computed>._cache.<computed>
DA:1,1
DA:2,1
DA:11,1
DA:17,1
DA:21,1
DA:22,1
DA:23,1
DA:25,1
DA:26,1
DA:27,1
DA:28,1
DA:29,1
DA:30,1
DA:31,1
DA:32,0
DA:33,0
DA:34,0
DA:35,1
DA:36,1
DA:38,0
DA:39,0
DA:40,0
DA:41,0
DA:45,1
DA:46,1
DA:47,1
DA:48,1
DA:49,1
DA:50,1
DA:51,1
DA:52,1
DA:53,1
DA:55,1
DA:56,1
DA:57,1
DA:58,1
DA:59,1
DA:60,1
DA:61,1
DA:62,1
DA:63,1
DA:64,1
DA:65,1
DA:66,1
DA:67,1
DA:68,1
DA:69,1
DA:70,1
LF:48
LH:41
BRDA:25,0,0,1
BRDA:26,1,0,0
BRDA:31,2,0,0
BRDA:30,3,0,1
BRDA:46,4,0,2
BRDA:69,5,0,0
BRDA:67,6,0,1
BRF:7
BRH:4
end_of_record
TN:
SF:src\components\base\BaseInput.vue
FN:41,__vite_ssr_import_1__.createElementBlock.__vite_ssr_import_1__.createElementVNode.onInput._cache.<computed>._cache.<computed>
FNF:1
FNH:1
FNDA:3,__vite_ssr_import_1__.createElementBlock.__vite_ssr_import_1__.createElementVNode.onInput._cache.<computed>._cache.<computed>
DA:1,1
DA:13,1
DA:19,1
DA:23,1
DA:27,1
DA:28,1
DA:29,1
DA:30,1
DA:31,1
DA:32,1
DA:33,1
DA:34,1
DA:35,1
DA:36,1
DA:37,1
DA:38,1
DA:39,1
DA:40,1
DA:41,1
DA:42,1
DA:43,1
DA:44,1
LF:22
LH:22
BRDA:30,0,0,7
BRDA:30,1,0,1
BRDA:41,2,0,8
BRDA:43,3,0,1
BRDA:43,4,0,9
BRDA:41,5,0,3
BRF:6
BRH:6
end_of_record
TN:
SF:src\components\base\BaseLoadingSpinner.vue
FNF:0
FNH:0
DA:1,1
DA:7,1
DA:11,1
DA:12,1
DA:13,1
DA:14,1
DA:15,1
DA:19,1
DA:20,1
DA:21,1
DA:22,1
DA:23,1
DA:24,1
DA:25,1
DA:27,1
DA:28,1
DA:29,1
DA:30,1
DA:31,1
LF:19
LH:19
BRDA:30,0,0,1
BRDA:30,1,0,3
BRF:2
BRH:2
end_of_record
TN:
SF:src\components\base\BaseModal.vue
FN:25,__vite_ssr_import_1__.watch.document.body.style.overflow
FN:37,$setup.props.open.__vite_ssr_import_2__.createElementBlock.__vite_ssr_import_2__.createElementVNode.onClick._cache.<computed>._cache.<computed>
FN:46,$setup.props.open.__vite_ssr_import_2__.createElementBlock.__vite_ssr_import_2__.createElementVNode.$setup.props.title.__vite_ssr_import_2__.createElementBlock.__vite_ssr_import_2__.createElementVNode.onClick._cache.<computed>._cache.<computed>
FNF:3
FNH:3
FNDA:9,__vite_ssr_import_1__.watch.document.body.style.overflow
FNDA:1,$setup.props.open.__vite_ssr_import_2__.createElementBlock.__vite_ssr_import_2__.createElementVNode.onClick._cache.<computed>._cache.<computed>
FNDA:2,$setup.props.open.__vite_ssr_import_2__.createElementBlock.__vite_ssr_import_2__.createElementVNode.$setup.props.title.__vite_ssr_import_2__.createElementBlock.__vite_ssr_import_2__.createElementVNode.onClick._cache.<computed>._cache.<computed>
DA:1,1
DA:2,1
DA:10,1
DA:14,1
DA:18,1
DA:19,1
DA:20,1
DA:21,1
DA:22,1
DA:23,1
DA:25,1
DA:26,0
DA:27,1
DA:31,1
DA:32,1
DA:33,1
DA:34,1
DA:35,1
DA:37,1
DA:38,1
DA:39,1
DA:40,1
DA:42,1
DA:43,1
DA:44,1
DA:45,1
DA:46,1
DA:48,1
DA:49,1
DA:50,1
DA:51,1
DA:52,1
DA:53,1
DA:54,1
DA:55,1
DA:56,1
DA:57,4
DA:58,1
DA:59,1
DA:60,1
DA:61,1
DA:62,1
LF:42
LH:41
BRDA:25,0,0,9
BRDA:56,1,0,4
BRDA:37,2,0,1
BRDA:46,3,0,2
BRF:4
BRH:4
end_of_record
TN:
SF:src\components\base\BasePagination.vue
FN:34,__vite_ssr_import_2__.createElementBlock.__vite_ssr_import_2__.createElementVNode.__vite_ssr_import_2__.createElementVNode.onClick._cache.<computed>._cache.<computed>
FN:41,__vite_ssr_import_2__.createElementBlock.__vite_ssr_import_2__.createElementVNode.__vite_ssr_import_2__.createElementVNode.onClick._cache.<computed>._cache.<computed>
FNF:2
FNH:2
FNDA:1,__vite_ssr_import_2__.createElementBlock.__vite_ssr_import_2__.createElementVNode.__vite_ssr_import_2__.createElementVNode.onClick._cache.<computed>._cache.<computed>
FNDA:1,__vite_ssr_import_2__.createElementBlock.__vite_ssr_import_2__.createElementVNode.__vite_ssr_import_2__.createElementVNode.onClick._cache.<computed>._cache.<computed>
DA:1,1
DA:2,1
DA:11,1
DA:13,1
DA:17,1
DA:18,1
DA:19,1
DA:20,1
DA:24,1
DA:25,1
DA:26,1
DA:27,1
DA:28,1
DA:29,1
DA:30,1
DA:31,1
DA:32,1
DA:33,1
DA:34,1
DA:35,1
DA:37,1
DA:38,1
DA:39,1
DA:40,1
DA:41,1
DA:42,1
DA:44,1
DA:45,1
DA:46,1
LF:29
LH:29
BRDA:17,0,0,6
BRDA:18,1,0,6
BRDA:19,2,0,6
BRDA:20,3,0,6
BRDA:34,4,0,1
BRDA:41,5,0,1
BRF:6
BRH:6
end_of_record
TN:
SF:src\components\base\BaseSelect.vue
FN:39,__vite_ssr_import_1__.createElementBlock.__vite_ssr_import_1__.createElementVNode.onChange._cache.<computed>._cache.<computed>
FNF:1
FNH:1
FNDA:1,__vite_ssr_import_1__.createElementBlock.__vite_ssr_import_1__.createElementVNode.onChange._cache.<computed>._cache.<computed>
DA:1,1
DA:17,1
DA:22,1
DA:28,1
DA:29,1
DA:30,1
DA:31,1
DA:32,1
DA:33,1
DA:34,1
DA:35,1
DA:36,1
DA:37,1
DA:38,1
DA:39,1
DA:41,1
DA:42,1
DA:43,1
DA:44,1
DA:45,1
DA:46,1
DA:47,1
LF:22
LH:22
BRDA:41,0,0,0
BRDA:46,1,0,1
BRDA:46,2,0,2
BRDA:39,3,0,1
BRF:4
BRH:3
end_of_record
TN:
SF:src\components\base\BaseTable.vue
FN:60,onClick
FNF:1
FNH:1
FNDA:1,onClick
DA:1,1
DA:16,1
DA:27,1
DA:28,1
DA:29,1
DA:30,1
DA:31,1
DA:32,1
DA:33,1
DA:34,1
DA:35,1
DA:37,1
DA:38,1
DA:39,1
DA:40,1
DA:41,1
DA:42,1
DA:43,1
DA:44,1
DA:45,1
DA:46,1
DA:47,1
DA:48,1
DA:49,1
DA:50,1
DA:51,1
DA:52,1
DA:53,1
DA:54,1
DA:55,1
DA:57,1
DA:58,1
DA:59,1
DA:60,1
DA:62,1
DA:63,1
DA:64,1
DA:65,1
DA:66,1
DA:68,1
DA:69,4
DA:70,1
DA:71,1
DA:72,1
DA:73,1
DA:74,1
DA:75,1
LF:47
LH:47
BRDA:50,0,0,1
BRDA:60,1,0,1
BRDA:68,2,0,4
BRF:3
BRH:3
end_of_record
TN:
SF:src\components\base\BaseTextarea.vue
FN:37,__vite_ssr_import_1__.createElementBlock.__vite_ssr_import_1__.createElementVNode.onInput._cache.<computed>._cache.<computed>
FNF:1
FNH:1
FNDA:1,__vite_ssr_import_1__.createElementBlock.__vite_ssr_import_1__.createElementVNode.onInput._cache.<computed>._cache.<computed>
DA:1,1
DA:12,1
DA:18,1
DA:24,1
DA:25,1
DA:26,1
DA:27,1
DA:28,1
DA:29,1
DA:30,1
DA:31,1
DA:32,1
DA:33,1
DA:34,1
DA:35,1
DA:36,1
DA:37,1
DA:38,1
DA:39,1
DA:40,1
LF:20
LH:20
BRDA:27,0,0,0
BRDA:39,1,0,1
BRDA:39,2,0,2
BRDA:37,3,0,1
BRF:4
BRH:3
end_of_record
TN:
SF:src\components\base\BaseToast.vue
FN:54,$setup.visible.__vite_ssr_import_2__.createElementBlock.__vite_ssr_import_2__.createElementVNode.onClick._cache.<computed>._cache.<computed>
FNF:1
FNH:1
FNDA:1,$setup.visible.__vite_ssr_import_2__.createElementBlock.__vite_ssr_import_2__.createElementVNode.onClick._cache.<computed>._cache.<computed>
DA:1,1
DA:2,1
DA:10,1
DA:15,1
DA:16,1
DA:18,1
DA:19,1
DA:20,1
DA:21,1
DA:22,1
DA:23,1
DA:25,1
DA:26,1
DA:27,1
DA:28,1
DA:29,1
DA:30,1
DA:32,1
DA:33,3
DA:34,3
DA:35,0
DA:36,0
DA:37,0
DA:38,0
DA:39,0
DA:40,1
DA:44,1
DA:45,1
DA:46,1
DA:47,1
DA:48,1
DA:50,1
DA:51,1
DA:52,1
DA:53,1
DA:54,1
DA:55,1
DA:56,1
DA:57,1
DA:58,1
DA:59,1
DA:60,1
LF:42
LH:37
BRDA:32,0,0,3
BRDA:34,1,0,0
BRDA:54,2,0,1
BRF:3
BRH:2
end_of_record
TN:
SF:src\composables\useAuth.ts
FN:9,useAuth
FN:16,login
FN:20,logout
FN:24,hasRole
FN:28,hasPermission
FNF:5
FNH:4
FNDA:4,useAuth
FNDA:1,login
FNDA:0,logout
FNDA:1,hasRole
FNDA:1,hasPermission
DA:1,1
DA:9,1
DA:10,4
DA:12,4
DA:13,4
DA:14,4
DA:16,4
DA:17,1
DA:18,1
DA:20,4
DA:21,0
DA:22,0
DA:24,4
DA:25,1
DA:26,1
DA:28,4
DA:29,1
DA:30,1
DA:32,4
DA:33,4
DA:34,4
DA:35,4
DA:36,4
DA:37,4
DA:38,4
DA:39,4
DA:40,4
DA:41,4
LF:28
LH:26
BRDA:9,0,0,4
BRDA:13,1,0,1
BRDA:16,2,0,1
BRDA:24,3,0,1
BRDA:28,4,0,1
BRF:5
BRH:5
end_of_record
TN:
SF:src\composables\useConfirm.ts
FN:29,useConfirm
FN:30,confirm
FN:40,resolve
FN:48,reject
FNF:4
FNH:4
FNDA:2,useConfirm
FNDA:2,confirm
FNDA:1,resolve
FNDA:1,reject
DA:1,1
DA:23,1
DA:24,1
DA:25,1
DA:27,1
DA:29,1
DA:30,2
DA:31,2
DA:32,2
DA:33,2
DA:35,2
DA:36,2
DA:37,2
DA:38,2
DA:40,2
DA:41,1
DA:42,1
DA:43,1
DA:44,1
DA:45,1
DA:46,1
DA:48,2
DA:49,1
DA:50,1
DA:51,1
DA:52,1
DA:53,1
DA:54,1
DA:56,2
DA:57,2
DA:58,2
DA:59,2
DA:60,2
DA:61,2
DA:62,2
DA:63,2
DA:64,2
LF:37
LH:37
BRDA:29,0,0,2
BRDA:30,1,0,2
BRDA:35,2,0,2
BRDA:40,3,0,1
BRDA:48,4,0,1
BRF:5
BRH:5
end_of_record
TN:
SF:src\composables\useGoogleSignIn.ts
FN:28,loadScript
FN:43,useGoogleSignIn
FN:47,signIn
FNF:3
FNH:2
FNDA:0,loadScript
FNDA:2,useGoogleSignIn
FNDA:1,signIn
DA:5,1
DA:28,0
DA:29,0
DA:30,0
DA:31,0
DA:32,0
DA:33,0
DA:34,0
DA:35,0
DA:36,0
DA:37,0
DA:38,0
DA:39,0
DA:40,0
DA:41,0
DA:43,1
DA:44,2
DA:45,2
DA:47,2
DA:48,1
DA:49,1
DA:50,1
DA:51,0
DA:52,1
DA:53,0
DA:54,0
DA:55,0
DA:56,0
DA:57,0
DA:58,0
DA:59,0
DA:60,0
DA:61,0
DA:62,0
DA:63,0
DA:64,0
DA:65,1
DA:67,2
DA:68,2
LF:39
LH:12
BRDA:43,0,0,2
BRDA:47,1,0,1
BRDA:50,2,0,0
BRDA:52,3,0,0
BRF:4
BRH:2
end_of_record
TN:
SF:src\composables\usePagination.ts
FN:13,usePagination
FN:25,updateFromResponse
FN:32,nextPage
FN:38,prevPage
FN:44,goToPage
FNF:5
FNH:5
FNDA:6,usePagination
FNDA:4,updateFromResponse
FNDA:5,nextPage
FNDA:3,prevPage
FNDA:3,goToPage
DA:1,1
DA:13,1
DA:14,6
DA:15,6
DA:16,6
DA:17,6
DA:19,6
DA:20,6
DA:25,6
DA:26,4
DA:27,4
DA:28,4
DA:29,4
DA:30,4
DA:32,6
DA:33,5
DA:34,4
DA:35,4
DA:36,5
DA:38,6
DA:39,3
DA:40,2
DA:41,2
DA:42,3
DA:44,6
DA:45,3
DA:46,1
DA:47,1
DA:48,3
DA:50,6
DA:51,6
DA:52,6
DA:53,6
DA:54,6
DA:55,6
DA:56,6
DA:57,6
DA:58,6
DA:59,6
DA:60,6
DA:61,6
DA:62,6
LF:42
LH:42
BRDA:13,0,0,6
BRDA:19,1,0,4
BRDA:20,2,0,6
BRDA:25,3,0,4
BRDA:32,4,0,5
BRDA:33,5,0,4
BRDA:38,6,0,3
BRDA:39,7,0,2
BRDA:44,8,0,3
BRDA:45,9,0,2
BRDA:45,10,0,1
BRF:11
BRH:11
end_of_record
TN:
SF:src\composables\useToast.ts
FN:19,useToast
FN:20,showToast
FN:32,removeToast
FN:39,success
FN:43,error
FN:47,warning
FN:51,info
FNF:7
FNH:7
FNDA:10,useToast
FNDA:9,showToast
FNDA:2,removeToast
FNDA:2,success
FNDA:1,error
FNDA:1,warning
FNDA:1,info
DA:1,1
DA:12,1
DA:16,1
DA:17,1
DA:19,1
DA:20,10
DA:21,9
DA:22,9
DA:23,9
DA:25,9
DA:26,6
DA:27,1
DA:28,6
DA:29,6
DA:30,9
DA:32,10
DA:33,2
DA:34,2
DA:35,2
DA:36,2
DA:37,2
DA:39,10
DA:40,2
DA:41,2
DA:43,10
DA:44,1
DA:45,1
DA:47,10
DA:48,1
DA:49,1
DA:51,10
DA:52,1
DA:53,1
DA:55,10
DA:56,10
DA:57,10
DA:58,10
DA:59,10
DA:60,10
DA:61,10
DA:62,10
DA:63,10
DA:64,10
LF:43
LH:43
BRDA:19,0,0,10
BRDA:20,1,0,9
BRDA:25,2,0,6
BRDA:26,3,0,1
BRDA:32,4,0,2
BRDA:33,5,0,2
BRDA:39,6,0,2
BRDA:43,7,0,1
BRDA:47,8,0,1
BRDA:51,9,0,1
BRF:10
BRH:10
end_of_record
TN:
SF:src\composables\useViaCep.ts
FN:22,useViaCep
FN:23,fetchByCep
FNF:2
FNH:2
FNDA:6,useViaCep
FNDA:7,fetchByCep
DA:20,1
DA:22,1
DA:23,6
DA:24,7
DA:25,7
DA:26,4
DA:27,4
DA:28,4
DA:29,7
DA:30,2
DA:31,7
DA:32,1
DA:33,1
DA:34,1
DA:35,1
DA:36,7
DA:38,6
DA:39,6
LF:18
LH:18
BRDA:22,0,0,6
BRDA:23,1,0,7
BRDA:24,2,0,1
BRDA:25,3,0,3
BRDA:25,4,0,4
BRDA:28,5,0,3
BRDA:29,6,0,1
BRDA:29,7,0,2
BRDA:31,8,0,1
BRF:9
BRH:9
end_of_record
TN:
SF:src\stores\auth.store.ts
FN:139,hasRole
FN:143,hasPermission
FN:154,login
FN:172,loginWithGoogle
FN:204,completeGoogleRegistration
FN:231,logout
FN:242,refreshAccessToken
FN:263,fetchUser
FN:275,updateMyProfile
FN:280,initialize
FNF:10
FNH:9
FNDA:3,hasRole
FNDA:3,hasPermission
FNDA:2,login
FNDA:2,loginWithGoogle
FNDA:0,completeGoogleRegistration
FNDA:4,logout
FNDA:3,refreshAccessToken
FNDA:3,fetchUser
FNDA:1,updateMyProfile
FNDA:1,initialize
DA:1,1
DA:13,1
DA:14,1
DA:15,1
DA:16,1
DA:17,1
DA:18,1
DA:19,1
DA:20,1
DA:21,1
DA:22,1
DA:23,1
DA:24,1
DA:25,1
DA:26,1
DA:27,1
DA:28,1
DA:29,1
DA:30,1
DA:31,1
DA:32,1
DA:33,1
DA:34,1
DA:35,1
DA:36,1
DA:37,1
DA:38,1
DA:39,1
DA:40,1
DA:41,1
DA:42,1
DA:43,1
DA:44,1
DA:45,1
DA:46,1
DA:47,1
DA:48,1
DA:49,1
DA:50,1
DA:51,1
DA:52,1
DA:53,1
DA:54,1
DA:55,1
DA:56,1
DA:57,1
DA:58,1
DA:59,1
DA:60,1
DA:61,1
DA:62,1
DA:63,1
DA:64,1
DA:65,1
DA:66,1
DA:67,1
DA:68,1
DA:69,1
DA:70,1
DA:71,1
DA:72,1
DA:73,1
DA:74,1
DA:75,1
DA:76,1
DA:77,1
DA:78,1
DA:79,1
DA:80,1
DA:81,1
DA:82,1
DA:83,1
DA:84,1
DA:85,1
DA:86,1
DA:87,1
DA:88,1
DA:89,1
DA:90,1
DA:91,1
DA:92,1
DA:93,1
DA:94,1
DA:95,1
DA:96,1
DA:97,1
DA:98,1
DA:99,1
DA:100,1
DA:101,1
DA:102,1
DA:103,1
DA:104,1
DA:105,1
DA:106,1
DA:107,1
DA:108,1
DA:109,1
DA:110,1
DA:111,1
DA:113,1
DA:117,20
DA:118,20
DA:119,20
DA:120,20
DA:125,20
DA:127,20
DA:129,20
DA:130,3
DA:131,3
DA:132,3
DA:133,3
DA:134,3
DA:135,3
DA:136,3
DA:137,20
DA:139,20
DA:140,3
DA:141,3
DA:143,20
DA:144,3
DA:145,1
DA:146,1
DA:147,1
DA:148,1
DA:149,3
DA:154,20
DA:155,2
DA:156,2
DA:157,2
DA:158,2
DA:160,2
DA:161,2
DA:162,2
DA:164,2
DA:165,2
DA:166,2
DA:167,2
DA:168,2
DA:169,2
DA:172,20
DA:177,2
DA:178,2
DA:179,2
DA:180,2
DA:181,2
DA:182,2
DA:183,1
DA:184,1
DA:185,1
DA:186,1
DA:187,1
DA:188,1
DA:189,1
DA:190,2
DA:191,1
DA:192,1
DA:193,1
DA:194,1
DA:195,1
DA:196,1
DA:197,1
DA:198,2
DA:199,2
DA:200,2
DA:201,2
DA:204,20
DA:209,0
DA:210,0
DA:211,0
DA:212,0
DA:213,0
DA:214,0
DA:215,0
DA:216,0
DA:217,0
DA:218,0
DA:219,0
DA:220,0
DA:221,0
DA:222,0
DA:223,0
DA:224,0
DA:225,0
DA:226,0
DA:227,0
DA:228,0
DA:229,0
DA:231,20
DA:232,4
DA:233,4
DA:234,4
DA:236,4
DA:237,4
DA:239,4
DA:240,4
DA:242,20
DA:243,3
DA:244,1
DA:245,1
DA:246,1
DA:248,2
DA:249,2
DA:250,1
DA:252,1
DA:253,1
DA:254,1
DA:256,1
DA:257,1
DA:258,1
DA:259,1
DA:260,1
DA:261,3
DA:263,20
DA:264,3
DA:265,3
DA:266,3
DA:267,2
DA:268,3
DA:269,1
DA:270,3
DA:271,3
DA:272,3
DA:273,3
DA:275,20
DA:276,1
DA:277,1
DA:278,1
DA:280,20
DA:281,1
DA:282,1
DA:283,1
DA:284,1
DA:285,1
DA:286,1
DA:287,1
DA:289,20
DA:291,20
DA:292,20
DA:293,20
DA:294,20
DA:296,20
DA:297,20
DA:298,20
DA:300,20
DA:301,20
DA:302,20
DA:303,20
DA:304,20
DA:305,20
DA:306,20
DA:307,20
DA:308,20
DA:309,20
DA:310,20
DA:311,20
LF:256
LH:235
BRDA:113,0,0,20
BRDA:125,1,0,3
BRDA:127,2,0,3
BRDA:129,3,0,3
BRDA:130,4,0,0
BRDA:133,5,0,0
BRDA:135,6,0,3
BRDA:139,7,0,3
BRDA:140,8,0,3
BRDA:143,9,0,3
BRDA:144,10,0,2
BRDA:144,11,0,1
BRDA:145,12,0,1
BRDA:147,13,0,0
BRDA:154,14,0,2
BRDA:172,15,0,2
BRDA:182,16,0,1
BRDA:185,17,0,0
BRDA:186,18,0,0
BRDA:190,19,0,1
BRDA:193,20,0,0
BRDA:231,21,0,4
BRDA:242,22,0,3
BRDA:243,23,0,1
BRDA:246,24,0,2
BRDA:249,25,0,1
BRDA:263,26,0,3
BRDA:266,27,0,2
BRDA:268,28,0,1
BRDA:275,29,0,1
BRDA:280,30,0,1
BRF:31
BRH:25
end_of_record
TN:
SF:src\stores\notification.store.ts
FN:17,fetchNotifications
FN:27,fetchUnreadCount
FN:36,markAsRead
FN:47,markAllAsRead
FN:63,addNotification
FNF:5
FNH:3
FNDA:1,fetchNotifications
FNDA:0,fetchUnreadCount
FNDA:0,markAsRead
FNDA:1,markAllAsRead
FNDA:1,addNotification
DA:1,1
DA:6,1
DA:10,3
DA:11,3
DA:12,3
DA:17,3
DA:18,1
DA:19,1
DA:20,1
DA:21,1
DA:22,1
DA:23,1
DA:24,1
DA:25,1
DA:27,3
DA:28,0
DA:29,0
DA:30,0
DA:31,0
DA:33,0
DA:34,0
DA:36,3
DA:37,0
DA:39,0
DA:40,0
DA:41,0
DA:42,0
DA:43,0
DA:44,0
DA:45,0
DA:47,3
DA:48,1
DA:50,1
DA:51,2
DA:52,2
DA:53,2
DA:54,2
DA:55,1
DA:56,1
DA:57,1
DA:63,3
DA:64,1
DA:65,1
DA:66,1
DA:67,1
DA:68,1
DA:70,3
DA:72,3
DA:73,3
DA:74,3
DA:76,3
DA:77,3
DA:78,3
DA:79,3
DA:80,3
DA:81,3
DA:82,3
LF:57
LH:43
BRDA:6,0,0,3
BRDA:17,1,0,1
BRDA:47,2,0,1
BRDA:50,3,0,2
BRDA:63,4,0,1
BRF:5
BRH:5
end_of_record
TN:
SF:src\stores\tenant.store.ts
FN:23,setCondominium
FN:35,clearCondominium
FNF:2
FNH:2
FNDA:2,setCondominium
FNDA:1,clearCondominium
DA:1,1
DA:7,1
DA:11,7
DA:12,7
DA:13,7
DA:18,7
DA:23,7
DA:24,2
DA:25,2
DA:27,2
DA:28,2
DA:29,1
DA:30,1
DA:31,1
DA:32,1
DA:33,2
DA:35,7
DA:36,1
DA:37,1
DA:38,1
DA:39,1
DA:41,7
DA:43,7
DA:44,7
DA:46,7
DA:48,7
DA:49,7
DA:50,7
DA:51,7
LF:29
LH:29
BRDA:7,0,0,7
BRDA:12,1,0,0
BRDA:18,2,0,1
BRDA:23,3,0,2
BRDA:28,4,0,1
BRDA:35,5,0,1
BRF:6
BRH:5
end_of_record
TN:
SF:src\stores\ui.store.ts
FN:22,toggleSidebar
FN:27,setSidebarMobileOpen
FN:31,setTheme
FNF:3
FNH:3
FNDA:2,toggleSidebar
FNDA:2,setSidebarMobileOpen
FNDA:4,setTheme
DA:1,1
DA:5,1
DA:9,5
DA:10,5
DA:12,5
DA:14,5
DA:15,5
DA:16,5
DA:17,5
DA:22,5
DA:23,2
DA:24,2
DA:25,2
DA:27,5
DA:28,2
DA:29,2
DA:31,5
DA:32,4
DA:33,4
DA:36,4
DA:37,2
DA:38,2
DA:39,2
DA:40,2
DA:41,4
DA:43,5
DA:45,5
DA:46,5
DA:47,5
DA:49,5
DA:50,5
DA:51,5
DA:52,5
DA:53,5
LF:34
LH:34
BRDA:5,0,0,5
BRDA:16,1,0,0
BRDA:22,2,0,2
BRDA:27,3,0,2
BRDA:31,4,0,4
BRDA:36,5,0,2
BRF:6
BRH:5
end_of_record
TN:
SF:src\utils\constants.ts
FNF:0
FNH:0
DA:1,1
DA:2,1
DA:3,1
DA:4,1
DA:5,1
DA:6,1
DA:7,1
DA:9,1
DA:10,1
DA:11,1
DA:12,1
DA:13,1
DA:14,1
DA:16,1
DA:17,1
DA:18,1
DA:19,1
DA:20,1
DA:21,1
LF:19
LH:19
BRF:0
BRH:0
end_of_record
TN:
SF:src\utils\formatters.ts
FN:1,formatCurrency
FN:9,formatDate
FN:17,formatDateTime
FN:27,formatCPF
FN:33,formatCNPJ
FN:39,formatPhone
FN:50,timeAgo
FNF:7
FNH:7
FNDA:2,formatCurrency
FNDA:1,formatDate
FNDA:1,formatDateTime
FNDA:2,formatCPF
FNDA:2,formatCNPJ
FNDA:3,formatPhone
FNDA:7,timeAgo
DA:1,1
DA:2,2
DA:3,2
DA:4,2
DA:5,2
DA:6,2
DA:7,2
DA:9,1
DA:10,1
DA:11,1
DA:12,1
DA:13,1
DA:14,1
DA:15,1
DA:17,1
DA:18,1
DA:19,1
DA:20,1
DA:21,1
DA:22,1
DA:23,1
DA:24,1
DA:25,1
DA:27,1
DA:28,2
DA:29,2
DA:30,1
DA:31,1
DA:33,1
DA:34,2
DA:35,2
DA:36,1
DA:37,1
DA:39,1
DA:40,3
DA:41,3
DA:42,1
DA:43,1
DA:44,3
DA:45,1
DA:46,1
DA:47,1
DA:48,1
DA:50,1
DA:51,7
DA:52,7
DA:53,7
DA:54,7
DA:55,7
DA:56,7
DA:57,7
DA:58,7
DA:59,7
DA:60,7
DA:62,7
DA:63,1
DA:64,1
DA:65,7
DA:66,0
DA:67,0
DA:68,7
DA:69,1
DA:70,1
DA:71,7
DA:72,0
DA:73,0
DA:74,7
DA:75,1
DA:76,1
DA:77,7
DA:78,0
DA:79,0
DA:80,7
DA:81,1
DA:82,1
DA:83,7
DA:84,1
DA:85,1
DA:86,7
DA:87,0
DA:88,0
DA:89,7
DA:90,0
DA:91,0
DA:92,7
DA:93,1
DA:94,1
DA:95,1
DA:96,1
DA:97,1
DA:98,0
DA:99,0
LF:92
LH:80
BRDA:1,0,0,2
BRDA:9,1,0,1
BRDA:17,2,0,1
BRDA:27,3,0,2
BRDA:29,4,0,1
BRDA:33,5,0,2
BRDA:35,6,0,1
BRDA:39,7,0,3
BRDA:41,8,0,1
BRDA:43,9,0,2
BRDA:44,10,0,1
BRDA:50,11,0,7
BRDA:62,12,0,1
BRDA:64,13,0,6
BRDA:65,14,0,0
BRDA:67,15,0,6
BRDA:68,16,0,1
BRDA:70,17,0,5
BRDA:71,18,0,0
BRDA:73,19,0,5
BRDA:74,20,0,1
BRDA:76,21,0,4
BRDA:77,22,0,0
BRDA:79,23,0,4
BRDA:80,24,0,1
BRDA:82,25,0,3
BRDA:83,26,0,1
BRDA:85,27,0,2
BRDA:86,28,0,0
BRDA:88,29,0,2
BRDA:89,30,0,0
BRDA:91,31,0,2
BRDA:92,32,0,1
BRDA:97,33,0,0
BRF:34
BRH:28
end_of_record
TN:
SF:src\utils\validators.ts
FN:1,isValidCPF
FN:30,isValidCNPJ
FN:61,isValidEmail
FN:66,isValidPhone
FN:71,isRequired
FN:78,minLength
FNF:6
FNH:6
FNDA:7,isValidCPF
FNDA:5,isValidCNPJ
FNDA:5,isValidEmail
FNDA:5,isValidPhone
FNDA:8,isRequired
FNDA:3,minLength
DA:1,1
DA:2,7
DA:4,7
DA:7,7
DA:10,3
DA:11,7
DA:12,27
DA:13,27
DA:14,3
DA:15,7
DA:16,7
DA:19,3
DA:20,7
DA:21,30
DA:22,30
DA:23,3
DA:24,7
DA:25,7
DA:27,2
DA:28,2
DA:30,1
DA:31,5
DA:33,5
DA:36,5
DA:39,2
DA:40,2
DA:41,5
DA:42,24
DA:43,24
DA:44,2
DA:45,5
DA:46,5
DA:49,2
DA:50,2
DA:51,5
DA:52,26
DA:53,26
DA:54,2
DA:55,5
DA:56,5
DA:58,2
DA:59,2
DA:61,1
DA:62,5
DA:63,5
DA:64,5
DA:66,1
DA:67,5
DA:68,5
DA:69,5
DA:71,1
DA:72,8
DA:73,8
DA:74,8
DA:75,1
DA:76,1
DA:78,1
DA:79,3
DA:80,3
LF:59
LH:59
BRDA:1,0,0,7
BRDA:4,1,0,2
BRDA:4,2,0,5
BRDA:7,3,0,2
BRDA:7,4,0,3
BRDA:11,5,0,27
BRDA:13,6,0,3
BRDA:15,7,0,1
BRDA:15,8,0,3
BRDA:16,9,0,0
BRDA:16,10,0,3
BRDA:20,11,0,30
BRDA:22,12,0,3
BRDA:24,13,0,0
BRDA:24,14,0,3
BRDA:25,15,0,1
BRDA:25,16,0,2
BRDA:30,17,0,5
BRDA:33,18,0,1
BRDA:33,19,0,4
BRDA:36,20,0,2
BRDA:41,21,0,24
BRDA:43,22,0,2
BRDA:45,23,0,0
BRDA:45,24,0,2
BRDA:46,25,0,0
BRDA:46,26,0,2
BRDA:51,27,0,26
BRDA:53,28,0,2
BRDA:55,29,0,0
BRDA:55,30,0,2
BRDA:56,31,0,0
BRDA:56,32,0,2
BRDA:61,33,0,5
BRDA:66,34,0,5
BRDA:68,35,0,4
BRDA:71,36,0,8
BRDA:72,37,0,7
BRDA:72,38,0,2
BRDA:72,39,0,6
BRDA:73,40,0,3
BRDA:74,41,0,2
BRDA:74,42,0,1
BRDA:78,43,0,3
BRF:44
BRH:38
end_of_record
